,number,value,datetime_start,datetime_complete,duration,params_batch_size,params_dropout,params_feed_forward,params_hidden_size,params_input_chunk_length,params_lr,params_lstm_layers,params_n_epochs,params_num_attention_heads,params_optimizer,params_output_chunk_length,system_attrs_grid_id,system_attrs_search_space,state
0,0,0.04463449865579605,2022-08-11 17:47:34.323207,2022-08-11 17:53:59.924414,0 days 00:06:25.601207,256,0.05,GatedResidualNetwork,16,30,0.001,3,1000,7,adam,1,235,"OrderedDict([('batch_size', [256]), ('dropout', [0.0, 0.05, 0.1]), ('feed_forward', ['GatedResidualNetwork']), ('hidden_size', [16, 32, 64, 128]), ('input_chunk_length', [30]), ('lr', [1e-05, 0.0001, 0.001]), ('lstm_layers', [1, 2, 3, 4]), ('n_epochs', [1000]), ('num_attention_heads', [4, 5, 6, 7]), ('optimizer', ['adam']), ('output_chunk_length', [1])])",COMPLETE
1,1,0.056217391043901443,2022-08-11 17:53:59.925243,2022-08-11 18:02:31.229554,0 days 00:08:31.304311,256,0.1,GatedResidualNetwork,16,30,0.0001,3,1000,6,adam,1,410,"OrderedDict([('batch_size', [256]), ('dropout', [0.0, 0.05, 0.1]), ('feed_forward', ['GatedResidualNetwork']), ('hidden_size', [16, 32, 64, 128]), ('input_chunk_length', [30]), ('lr', [1e-05, 0.0001, 0.001]), ('lstm_layers', [1, 2, 3, 4]), ('n_epochs', [1000]), ('num_attention_heads', [4, 5, 6, 7]), ('optimizer', ['adam']), ('output_chunk_length', [1])])",COMPLETE
2,2,0.2532218396663666,2022-08-11 18:02:31.230386,2022-08-11 18:11:21.712795,0 days 00:08:50.482409,256,0.1,GatedResidualNetwork,16,30,0.0001,4,1000,6,adam,1,414,"OrderedDict([('batch_size', [256]), ('dropout', [0.0, 0.05, 0.1]), ('feed_forward', ['GatedResidualNetwork']), ('hidden_size', [16, 32, 64, 128]), ('input_chunk_length', [30]), ('lr', [1e-05, 0.0001, 0.001]), ('lstm_layers', [1, 2, 3, 4]), ('n_epochs', [1000]), ('num_attention_heads', [4, 5, 6, 7]), ('optimizer', ['adam']), ('output_chunk_length', [1])])",COMPLETE
3,3,0.04080136492848396,2022-08-11 18:11:21.713628,2022-08-11 18:19:28.112485,0 days 00:08:06.398857,256,0.05,GatedResidualNetwork,128,30,0.001,1,1000,6,adam,1,370,"OrderedDict([('batch_size', [256]), ('dropout', [0.0, 0.05, 0.1]), ('feed_forward', ['GatedResidualNetwork']), ('hidden_size', [16, 32, 64, 128]), ('input_chunk_length', [30]), ('lr', [1e-05, 0.0001, 0.001]), ('lstm_layers', [1, 2, 3, 4]), ('n_epochs', [1000]), ('num_attention_heads', [4, 5, 6, 7]), ('optimizer', ['adam']), ('output_chunk_length', [1])])",COMPLETE
4,4,0.036445360630750656,2022-08-11 18:19:28.113351,2022-08-11 18:29:27.137817,0 days 00:09:59.024466,256,0.0,GatedResidualNetwork,128,30,1e-05,3,1000,5,adam,1,153,"OrderedDict([('batch_size', [256]), ('dropout', [0.0, 0.05, 0.1]), ('feed_forward', ['GatedResidualNetwork']), ('hidden_size', [16, 32, 64, 128]), ('input_chunk_length', [30]), ('lr', [1e-05, 0.0001, 0.001]), ('lstm_layers', [1, 2, 3, 4]), ('n_epochs', [1000]), ('num_attention_heads', [4, 5, 6, 7]), ('optimizer', ['adam']), ('output_chunk_length', [1])])",COMPLETE
5,5,0.07065446674823761,2022-08-11 18:29:27.138699,2022-08-11 18:38:29.256049,0 days 00:09:02.117350,256,0.05,GatedResidualNetwork,16,30,0.001,4,1000,6,adam,1,238,"OrderedDict([('batch_size', [256]), ('dropout', [0.0, 0.05, 0.1]), ('feed_forward', ['GatedResidualNetwork']), ('hidden_size', [16, 32, 64, 128]), ('input_chunk_length', [30]), ('lr', [1e-05, 0.0001, 0.001]), ('lstm_layers', [1, 2, 3, 4]), ('n_epochs', [1000]), ('num_attention_heads', [4, 5, 6, 7]), ('optimizer', ['adam']), ('output_chunk_length', [1])])",COMPLETE
6,6,0.03881869837641716,2022-08-11 18:38:29.256932,2022-08-11 18:42:05.897477,0 days 00:03:36.640545,256,0.05,GatedResidualNetwork,64,30,0.001,3,1000,5,adam,1,329,"OrderedDict([('batch_size', [256]), ('dropout', [0.0, 0.05, 0.1]), ('feed_forward', ['GatedResidualNetwork']), ('hidden_size', [16, 32, 64, 128]), ('input_chunk_length', [30]), ('lr', [1e-05, 0.0001, 0.001]), ('lstm_layers', [1, 2, 3, 4]), ('n_epochs', [1000]), ('num_attention_heads', [4, 5, 6, 7]), ('optimizer', ['adam']), ('output_chunk_length', [1])])",COMPLETE
7,7,0.035991519689559937,2022-08-11 18:42:05.898299,2022-08-11 18:47:38.027843,0 days 00:05:32.129544,256,0.05,GatedResidualNetwork,32,30,0.0001,2,1000,7,adam,1,263,"OrderedDict([('batch_size', [256]), ('dropout', [0.0, 0.05, 0.1]), ('feed_forward', ['GatedResidualNetwork']), ('hidden_size', [16, 32, 64, 128]), ('input_chunk_length', [30]), ('lr', [1e-05, 0.0001, 0.001]), ('lstm_layers', [1, 2, 3, 4]), ('n_epochs', [1000]), ('num_attention_heads', [4, 5, 6, 7]), ('optimizer', ['adam']), ('output_chunk_length', [1])])",COMPLETE
8,8,0.03547896072268486,2022-08-11 18:47:38.028669,2022-08-11 18:50:44.421738,0 days 00:03:06.393069,256,0.1,GatedResidualNetwork,64,30,1e-05,2,1000,5,adam,1,485,"OrderedDict([('batch_size', [256]), ('dropout', [0.0, 0.05, 0.1]), ('feed_forward', ['GatedResidualNetwork']), ('hidden_size', [16, 32, 64, 128]), ('input_chunk_length', [30]), ('lr', [1e-05, 0.0001, 0.001]), ('lstm_layers', [1, 2, 3, 4]), ('n_epochs', [1000]), ('num_attention_heads', [4, 5, 6, 7]), ('optimizer', ['adam']), ('output_chunk_length', [1])])",COMPLETE
9,9,0.026729954406619072,2022-08-11 18:50:44.422559,2022-08-11 18:55:19.018323,0 days 00:04:34.595764,256,0.05,GatedResidualNetwork,64,30,0.001,4,1000,4,adam,1,332,"OrderedDict([('batch_size', [256]), ('dropout', [0.0, 0.05, 0.1]), ('feed_forward', ['GatedResidualNetwork']), ('hidden_size', [16, 32, 64, 128]), ('input_chunk_length', [30]), ('lr', [1e-05, 0.0001, 0.001]), ('lstm_layers', [1, 2, 3, 4]), ('n_epochs', [1000]), ('num_attention_heads', [4, 5, 6, 7]), ('optimizer', ['adam']), ('output_chunk_length', [1])])",COMPLETE
10,10,0.052368491888046265,2022-08-11 18:55:19.019142,2022-08-11 19:11:27.499315,0 days 00:16:08.480173,256,0.1,GatedResidualNetwork,16,30,0.001,4,1000,6,adam,1,430,"OrderedDict([('batch_size', [256]), ('dropout', [0.0, 0.05, 0.1]), ('feed_forward', ['GatedResidualNetwork']), ('hidden_size', [16, 32, 64, 128]), ('input_chunk_length', [30]), ('lr', [1e-05, 0.0001, 0.001]), ('lstm_layers', [1, 2, 3, 4]), ('n_epochs', [1000]), ('num_attention_heads', [4, 5, 6, 7]), ('optimizer', ['adam']), ('output_chunk_length', [1])])",COMPLETE
11,11,0.044584352523088455,2022-08-11 19:11:27.500145,2022-08-11 19:14:23.619884,0 days 00:02:56.119739,256,0.1,GatedResidualNetwork,64,30,1e-05,3,1000,5,adam,1,489,"OrderedDict([('batch_size', [256]), ('dropout', [0.0, 0.05, 0.1]), ('feed_forward', ['GatedResidualNetwork']), ('hidden_size', [16, 32, 64, 128]), ('input_chunk_length', [30]), ('lr', [1e-05, 0.0001, 0.001]), ('lstm_layers', [1, 2, 3, 4]), ('n_epochs', [1000]), ('num_attention_heads', [4, 5, 6, 7]), ('optimizer', ['adam']), ('output_chunk_length', [1])])",COMPLETE
12,12,0.33693498373031616,2022-08-11 19:14:23.620719,2022-08-11 19:19:42.924928,0 days 00:05:19.304209,256,0.1,GatedResidualNetwork,64,30,0.0001,2,1000,6,adam,1,502,"OrderedDict([('batch_size', [256]), ('dropout', [0.0, 0.05, 0.1]), ('feed_forward', ['GatedResidualNetwork']), ('hidden_size', [16, 32, 64, 128]), ('input_chunk_length', [30]), ('lr', [1e-05, 0.0001, 0.001]), ('lstm_layers', [1, 2, 3, 4]), ('n_epochs', [1000]), ('num_attention_heads', [4, 5, 6, 7]), ('optimizer', ['adam']), ('output_chunk_length', [1])])",COMPLETE
13,13,0.04399821534752846,2022-08-11 19:19:42.925751,2022-08-11 19:23:52.260950,0 days 00:04:09.335199,256,0.0,GatedResidualNetwork,128,30,1e-05,4,1000,7,adam,1,159,"OrderedDict([('batch_size', [256]), ('dropout', [0.0, 0.05, 0.1]), ('feed_forward', ['GatedResidualNetwork']), ('hidden_size', [16, 32, 64, 128]), ('input_chunk_length', [30]), ('lr', [1e-05, 0.0001, 0.001]), ('lstm_layers', [1, 2, 3, 4]), ('n_epochs', [1000]), ('num_attention_heads', [4, 5, 6, 7]), ('optimizer', ['adam']), ('output_chunk_length', [1])])",COMPLETE
14,14,0.05053074285387993,2022-08-11 19:23:52.261781,2022-08-11 19:37:32.810851,0 days 00:13:40.549070,256,0.0,GatedResidualNetwork,32,30,1e-05,1,1000,5,adam,1,49,"OrderedDict([('batch_size', [256]), ('dropout', [0.0, 0.05, 0.1]), ('feed_forward', ['GatedResidualNetwork']), ('hidden_size', [16, 32, 64, 128]), ('input_chunk_length', [30]), ('lr', [1e-05, 0.0001, 0.001]), ('lstm_layers', [1, 2, 3, 4]), ('n_epochs', [1000]), ('num_attention_heads', [4, 5, 6, 7]), ('optimizer', ['adam']), ('output_chunk_length', [1])])",COMPLETE
15,15,0.32288336753845215,2022-08-11 19:37:32.811677,2022-08-11 19:42:47.748525,0 days 00:05:14.936848,256,0.1,GatedResidualNetwork,64,30,1e-05,2,1000,6,adam,1,486,"OrderedDict([('batch_size', [256]), ('dropout', [0.0, 0.05, 0.1]), ('feed_forward', ['GatedResidualNetwork']), ('hidden_size', [16, 32, 64, 128]), ('input_chunk_length', [30]), ('lr', [1e-05, 0.0001, 0.001]), ('lstm_layers', [1, 2, 3, 4]), ('n_epochs', [1000]), ('num_attention_heads', [4, 5, 6, 7]), ('optimizer', ['adam']), ('output_chunk_length', [1])])",COMPLETE
16,16,0.19461868703365326,2022-08-11 19:42:47.749357,2022-08-11 19:47:34.924778,0 days 00:04:47.175421,256,0.05,GatedResidualNetwork,128,30,0.001,1,1000,7,adam,1,371,"OrderedDict([('batch_size', [256]), ('dropout', [0.0, 0.05, 0.1]), ('feed_forward', ['GatedResidualNetwork']), ('hidden_size', [16, 32, 64, 128]), ('input_chunk_length', [30]), ('lr', [1e-05, 0.0001, 0.001]), ('lstm_layers', [1, 2, 3, 4]), ('n_epochs', [1000]), ('num_attention_heads', [4, 5, 6, 7]), ('optimizer', ['adam']), ('output_chunk_length', [1])])",COMPLETE
17,17,0.05346168950200081,2022-08-11 19:47:34.925600,2022-08-11 19:56:39.653156,0 days 00:09:04.727556,256,0.1,GatedResidualNetwork,64,30,0.001,1,1000,6,adam,1,514,"OrderedDict([('batch_size', [256]), ('dropout', [0.0, 0.05, 0.1]), ('feed_forward', ['GatedResidualNetwork']), ('hidden_size', [16, 32, 64, 128]), ('input_chunk_length', [30]), ('lr', [1e-05, 0.0001, 0.001]), ('lstm_layers', [1, 2, 3, 4]), ('n_epochs', [1000]), ('num_attention_heads', [4, 5, 6, 7]), ('optimizer', ['adam']), ('output_chunk_length', [1])])",COMPLETE
18,18,0.040094438940286636,2022-08-11 19:56:39.653983,2022-08-11 20:01:35.547075,0 days 00:04:55.893092,256,0.0,GatedResidualNetwork,128,30,0.0001,1,1000,6,adam,1,162,"OrderedDict([('batch_size', [256]), ('dropout', [0.0, 0.05, 0.1]), ('feed_forward', ['GatedResidualNetwork']), ('hidden_size', [16, 32, 64, 128]), ('input_chunk_length', [30]), ('lr', [1e-05, 0.0001, 0.001]), ('lstm_layers', [1, 2, 3, 4]), ('n_epochs', [1000]), ('num_attention_heads', [4, 5, 6, 7]), ('optimizer', ['adam']), ('output_chunk_length', [1])])",COMPLETE
19,19,0.024195900186896324,2022-08-11 20:01:35.547904,2022-08-11 20:09:44.487851,0 days 00:08:08.939947,256,0.0,GatedResidualNetwork,32,30,0.0001,2,1000,5,adam,1,69,"OrderedDict([('batch_size', [256]), ('dropout', [0.0, 0.05, 0.1]), ('feed_forward', ['GatedResidualNetwork']), ('hidden_size', [16, 32, 64, 128]), ('input_chunk_length', [30]), ('lr', [1e-05, 0.0001, 0.001]), ('lstm_layers', [1, 2, 3, 4]), ('n_epochs', [1000]), ('num_attention_heads', [4, 5, 6, 7]), ('optimizer', ['adam']), ('output_chunk_length', [1])])",COMPLETE
20,20,0.02087033912539482,2022-08-11 20:09:44.488685,2022-08-11 20:14:59.790252,0 days 00:05:15.301567,256,0.05,GatedResidualNetwork,128,30,0.001,2,1000,6,adam,1,374,"OrderedDict([('batch_size', [256]), ('dropout', [0.0, 0.05, 0.1]), ('feed_forward', ['GatedResidualNetwork']), ('hidden_size', [16, 32, 64, 128]), ('input_chunk_length', [30]), ('lr', [1e-05, 0.0001, 0.001]), ('lstm_layers', [1, 2, 3, 4]), ('n_epochs', [1000]), ('num_attention_heads', [4, 5, 6, 7]), ('optimizer', ['adam']), ('output_chunk_length', [1])])",COMPLETE
21,21,0.3088129758834839,2022-08-11 20:14:59.791113,2022-08-11 20:19:12.964350,0 days 00:04:13.173237,256,0.05,GatedResidualNetwork,32,30,0.001,4,1000,7,adam,1,287,"OrderedDict([('batch_size', [256]), ('dropout', [0.0, 0.05, 0.1]), ('feed_forward', ['GatedResidualNetwork']), ('hidden_size', [16, 32, 64, 128]), ('input_chunk_length', [30]), ('lr', [1e-05, 0.0001, 0.001]), ('lstm_layers', [1, 2, 3, 4]), ('n_epochs', [1000]), ('num_attention_heads', [4, 5, 6, 7]), ('optimizer', ['adam']), ('output_chunk_length', [1])])",COMPLETE
22,22,0.04242982715368271,2022-08-11 20:19:12.965181,2022-08-11 20:32:06.843324,0 days 00:12:53.878143,256,0.0,GatedResidualNetwork,16,30,0.0001,3,1000,7,adam,1,27,"OrderedDict([('batch_size', [256]), ('dropout', [0.0, 0.05, 0.1]), ('feed_forward', ['GatedResidualNetwork']), ('hidden_size', [16, 32, 64, 128]), ('input_chunk_length', [30]), ('lr', [1e-05, 0.0001, 0.001]), ('lstm_layers', [1, 2, 3, 4]), ('n_epochs', [1000]), ('num_attention_heads', [4, 5, 6, 7]), ('optimizer', ['adam']), ('output_chunk_length', [1])])",COMPLETE
23,23,0.03878551721572876,2022-08-11 20:32:06.844167,2022-08-11 20:38:00.619012,0 days 00:05:53.774845,256,0.05,GatedResidualNetwork,16,30,0.0001,2,1000,5,adam,1,213,"OrderedDict([('batch_size', [256]), ('dropout', [0.0, 0.05, 0.1]), ('feed_forward', ['GatedResidualNetwork']), ('hidden_size', [16, 32, 64, 128]), ('input_chunk_length', [30]), ('lr', [1e-05, 0.0001, 0.001]), ('lstm_layers', [1, 2, 3, 4]), ('n_epochs', [1000]), ('num_attention_heads', [4, 5, 6, 7]), ('optimizer', ['adam']), ('output_chunk_length', [1])])",COMPLETE
24,24,0.03671035170555115,2022-08-11 20:38:00.619840,2022-08-11 20:42:09.989123,0 days 00:04:09.369283,256,0.0,GatedResidualNetwork,32,30,0.001,4,1000,5,adam,1,93,"OrderedDict([('batch_size', [256]), ('dropout', [0.0, 0.05, 0.1]), ('feed_forward', ['GatedResidualNetwork']), ('hidden_size', [16, 32, 64, 128]), ('input_chunk_length', [30]), ('lr', [1e-05, 0.0001, 0.001]), ('lstm_layers', [1, 2, 3, 4]), ('n_epochs', [1000]), ('num_attention_heads', [4, 5, 6, 7]), ('optimizer', ['adam']), ('output_chunk_length', [1])])",COMPLETE
25,25,0.04434473440051079,2022-08-11 20:42:09.989957,2022-08-11 20:47:19.528325,0 days 00:05:09.538368,256,0.1,GatedResidualNetwork,16,30,0.0001,2,1000,5,adam,1,405,"OrderedDict([('batch_size', [256]), ('dropout', [0.0, 0.05, 0.1]), ('feed_forward', ['GatedResidualNetwork']), ('hidden_size', [16, 32, 64, 128]), ('input_chunk_length', [30]), ('lr', [1e-05, 0.0001, 0.001]), ('lstm_layers', [1, 2, 3, 4]), ('n_epochs', [1000]), ('num_attention_heads', [4, 5, 6, 7]), ('optimizer', ['adam']), ('output_chunk_length', [1])])",COMPLETE
26,26,0.023308493196964264,2022-08-11 20:47:19.529162,2022-08-11 20:54:38.092560,0 days 00:07:18.563398,256,0.0,GatedResidualNetwork,64,30,0.0001,1,1000,7,adam,1,115,"OrderedDict([('batch_size', [256]), ('dropout', [0.0, 0.05, 0.1]), ('feed_forward', ['GatedResidualNetwork']), ('hidden_size', [16, 32, 64, 128]), ('input_chunk_length', [30]), ('lr', [1e-05, 0.0001, 0.001]), ('lstm_layers', [1, 2, 3, 4]), ('n_epochs', [1000]), ('num_attention_heads', [4, 5, 6, 7]), ('optimizer', ['adam']), ('output_chunk_length', [1])])",COMPLETE
27,27,0.2791857421398163,2022-08-11 20:54:38.093393,2022-08-11 21:01:22.012371,0 days 00:06:43.918978,256,0.0,GatedResidualNetwork,32,30,0.0001,4,1000,6,adam,1,78,"OrderedDict([('batch_size', [256]), ('dropout', [0.0, 0.05, 0.1]), ('feed_forward', ['GatedResidualNetwork']), ('hidden_size', [16, 32, 64, 128]), ('input_chunk_length', [30]), ('lr', [1e-05, 0.0001, 0.001]), ('lstm_layers', [1, 2, 3, 4]), ('n_epochs', [1000]), ('num_attention_heads', [4, 5, 6, 7]), ('optimizer', ['adam']), ('output_chunk_length', [1])])",COMPLETE
28,28,0.04120975732803345,2022-08-11 21:01:22.013231,2022-08-11 21:04:16.663142,0 days 00:02:54.649911,256,0.1,GatedResidualNetwork,64,30,0.0001,3,1000,5,adam,1,505,"OrderedDict([('batch_size', [256]), ('dropout', [0.0, 0.05, 0.1]), ('feed_forward', ['GatedResidualNetwork']), ('hidden_size', [16, 32, 64, 128]), ('input_chunk_length', [30]), ('lr', [1e-05, 0.0001, 0.001]), ('lstm_layers', [1, 2, 3, 4]), ('n_epochs', [1000]), ('num_attention_heads', [4, 5, 6, 7]), ('optimizer', ['adam']), ('output_chunk_length', [1])])",COMPLETE
29,29,0.022784436121582985,2022-08-11 21:04:16.664115,2022-08-11 21:11:42.473073,0 days 00:07:25.808958,256,0.0,GatedResidualNetwork,64,30,0.0001,4,1000,4,adam,1,124,"OrderedDict([('batch_size', [256]), ('dropout', [0.0, 0.05, 0.1]), ('feed_forward', ['GatedResidualNetwork']), ('hidden_size', [16, 32, 64, 128]), ('input_chunk_length', [30]), ('lr', [1e-05, 0.0001, 0.001]), ('lstm_layers', [1, 2, 3, 4]), ('n_epochs', [1000]), ('num_attention_heads', [4, 5, 6, 7]), ('optimizer', ['adam']), ('output_chunk_length', [1])])",COMPLETE
30,30,0.05547165498137474,2022-08-11 21:11:42.473918,2022-08-11 21:16:08.689948,0 days 00:04:26.216030,256,0.05,GatedResidualNetwork,16,30,0.001,4,1000,5,adam,1,237,"OrderedDict([('batch_size', [256]), ('dropout', [0.0, 0.05, 0.1]), ('feed_forward', ['GatedResidualNetwork']), ('hidden_size', [16, 32, 64, 128]), ('input_chunk_length', [30]), ('lr', [1e-05, 0.0001, 0.001]), ('lstm_layers', [1, 2, 3, 4]), ('n_epochs', [1000]), ('num_attention_heads', [4, 5, 6, 7]), ('optimizer', ['adam']), ('output_chunk_length', [1])])",COMPLETE
31,31,0.05053074285387993,2022-08-11 21:16:08.690787,2022-08-11 21:29:30.079670,0 days 00:13:21.388883,256,0.0,GatedResidualNetwork,32,30,0.001,1,1000,5,adam,1,81,"OrderedDict([('batch_size', [256]), ('dropout', [0.0, 0.05, 0.1]), ('feed_forward', ['GatedResidualNetwork']), ('hidden_size', [16, 32, 64, 128]), ('input_chunk_length', [30]), ('lr', [1e-05, 0.0001, 0.001]), ('lstm_layers', [1, 2, 3, 4]), ('n_epochs', [1000]), ('num_attention_heads', [4, 5, 6, 7]), ('optimizer', ['adam']), ('output_chunk_length', [1])])",COMPLETE
32,32,0.02613234706223011,2022-08-11 21:29:30.080508,2022-08-11 21:34:48.099718,0 days 00:05:18.019210,256,0.1,GatedResidualNetwork,32,30,1e-05,1,1000,7,adam,1,435,"OrderedDict([('batch_size', [256]), ('dropout', [0.0, 0.05, 0.1]), ('feed_forward', ['GatedResidualNetwork']), ('hidden_size', [16, 32, 64, 128]), ('input_chunk_length', [30]), ('lr', [1e-05, 0.0001, 0.001]), ('lstm_layers', [1, 2, 3, 4]), ('n_epochs', [1000]), ('num_attention_heads', [4, 5, 6, 7]), ('optimizer', ['adam']), ('output_chunk_length', [1])])",COMPLETE
33,33,0.06330416351556778,2022-08-11 21:34:48.100553,2022-08-11 21:43:05.553151,0 days 00:08:17.452598,256,0.0,GatedResidualNetwork,16,30,0.001,1,1000,7,adam,1,35,"OrderedDict([('batch_size', [256]), ('dropout', [0.0, 0.05, 0.1]), ('feed_forward', ['GatedResidualNetwork']), ('hidden_size', [16, 32, 64, 128]), ('input_chunk_length', [30]), ('lr', [1e-05, 0.0001, 0.001]), ('lstm_layers', [1, 2, 3, 4]), ('n_epochs', [1000]), ('num_attention_heads', [4, 5, 6, 7]), ('optimizer', ['adam']), ('output_chunk_length', [1])])",COMPLETE
34,34,0.22124537825584412,2022-08-11 21:43:05.553984,2022-08-11 21:50:33.264616,0 days 00:07:27.710632,256,0.05,GatedResidualNetwork,128,30,1e-05,3,1000,6,adam,1,346,"OrderedDict([('batch_size', [256]), ('dropout', [0.0, 0.05, 0.1]), ('feed_forward', ['GatedResidualNetwork']), ('hidden_size', [16, 32, 64, 128]), ('input_chunk_length', [30]), ('lr', [1e-05, 0.0001, 0.001]), ('lstm_layers', [1, 2, 3, 4]), ('n_epochs', [1000]), ('num_attention_heads', [4, 5, 6, 7]), ('optimizer', ['adam']), ('output_chunk_length', [1])])",COMPLETE
35,35,0.053685009479522705,2022-08-11 21:50:33.265456,2022-08-11 21:58:21.446000,0 days 00:07:48.180544,256,0.0,GatedResidualNetwork,32,30,0.0001,3,1000,6,adam,1,74,"OrderedDict([('batch_size', [256]), ('dropout', [0.0, 0.05, 0.1]), ('feed_forward', ['GatedResidualNetwork']), ('hidden_size', [16, 32, 64, 128]), ('input_chunk_length', [30]), ('lr', [1e-05, 0.0001, 0.001]), ('lstm_layers', [1, 2, 3, 4]), ('n_epochs', [1000]), ('num_attention_heads', [4, 5, 6, 7]), ('optimizer', ['adam']), ('output_chunk_length', [1])])",COMPLETE
36,36,0.044793594628572464,2022-08-11 21:58:21.446836,2022-08-11 22:02:19.146995,0 days 00:03:57.700159,256,0.05,GatedResidualNetwork,32,30,0.001,4,1000,5,adam,1,285,"OrderedDict([('batch_size', [256]), ('dropout', [0.0, 0.05, 0.1]), ('feed_forward', ['GatedResidualNetwork']), ('hidden_size', [16, 32, 64, 128]), ('input_chunk_length', [30]), ('lr', [1e-05, 0.0001, 0.001]), ('lstm_layers', [1, 2, 3, 4]), ('n_epochs', [1000]), ('num_attention_heads', [4, 5, 6, 7]), ('optimizer', ['adam']), ('output_chunk_length', [1])])",COMPLETE
37,37,0.04133639484643936,2022-08-11 22:02:19.147836,2022-08-11 22:10:02.947789,0 days 00:07:43.799953,256,0.0,GatedResidualNetwork,64,30,1e-05,1,1000,6,adam,1,98,"OrderedDict([('batch_size', [256]), ('dropout', [0.0, 0.05, 0.1]), ('feed_forward', ['GatedResidualNetwork']), ('hidden_size', [16, 32, 64, 128]), ('input_chunk_length', [30]), ('lr', [1e-05, 0.0001, 0.001]), ('lstm_layers', [1, 2, 3, 4]), ('n_epochs', [1000]), ('num_attention_heads', [4, 5, 6, 7]), ('optimizer', ['adam']), ('output_chunk_length', [1])])",COMPLETE
38,38,0.2791857421398163,2022-08-11 22:10:02.948636,2022-08-11 22:16:53.316009,0 days 00:06:50.367373,256,0.0,GatedResidualNetwork,32,30,1e-05,4,1000,6,adam,1,62,"OrderedDict([('batch_size', [256]), ('dropout', [0.0, 0.05, 0.1]), ('feed_forward', ['GatedResidualNetwork']), ('hidden_size', [16, 32, 64, 128]), ('input_chunk_length', [30]), ('lr', [1e-05, 0.0001, 0.001]), ('lstm_layers', [1, 2, 3, 4]), ('n_epochs', [1000]), ('num_attention_heads', [4, 5, 6, 7]), ('optimizer', ['adam']), ('output_chunk_length', [1])])",COMPLETE
39,39,0.03898501768708229,2022-08-11 22:16:53.316850,2022-08-11 22:28:19.734290,0 days 00:11:26.417440,256,0.0,GatedResidualNetwork,16,30,0.001,2,1000,5,adam,1,37,"OrderedDict([('batch_size', [256]), ('dropout', [0.0, 0.05, 0.1]), ('feed_forward', ['GatedResidualNetwork']), ('hidden_size', [16, 32, 64, 128]), ('input_chunk_length', [30]), ('lr', [1e-05, 0.0001, 0.001]), ('lstm_layers', [1, 2, 3, 4]), ('n_epochs', [1000]), ('num_attention_heads', [4, 5, 6, 7]), ('optimizer', ['adam']), ('output_chunk_length', [1])])",COMPLETE
