,number,value,datetime_start,datetime_complete,duration,params_batch_size,params_dropout,params_feed_forward,params_hidden_size,params_input_chunk_length,params_lr,params_lstm_layers,params_n_epochs,params_num_attention_heads,params_optimizer,params_output_chunk_length,system_attrs_grid_id,system_attrs_search_space,state
240,240,0.028160272166132927,2022-08-12 18:13:11.353182,2022-08-12 18:23:44.700430,0 days 00:10:33.347248,256,0.0,GatedResidualNetwork,32,30,1e-05,1,1000,6,adam,1,50,"OrderedDict([('batch_size', [256]), ('dropout', [0.0, 0.05, 0.1]), ('feed_forward', ['GatedResidualNetwork']), ('hidden_size', [16, 32, 64, 128]), ('input_chunk_length', [30]), ('lr', [1e-05, 0.0001, 0.001]), ('lstm_layers', [1, 2, 3, 4]), ('n_epochs', [1000]), ('num_attention_heads', [4, 5, 6, 7]), ('optimizer', ['adam']), ('output_chunk_length', [1])])",COMPLETE
241,241,0.27725332975387573,2022-08-12 18:23:44.701333,2022-08-12 18:27:47.048175,0 days 00:04:02.346842,256,0.05,GatedResidualNetwork,64,30,1e-05,2,1000,6,adam,1,294,"OrderedDict([('batch_size', [256]), ('dropout', [0.0, 0.05, 0.1]), ('feed_forward', ['GatedResidualNetwork']), ('hidden_size', [16, 32, 64, 128]), ('input_chunk_length', [30]), ('lr', [1e-05, 0.0001, 0.001]), ('lstm_layers', [1, 2, 3, 4]), ('n_epochs', [1000]), ('num_attention_heads', [4, 5, 6, 7]), ('optimizer', ['adam']), ('output_chunk_length', [1])])",COMPLETE
242,242,0.04242982715368271,2022-08-12 18:27:47.049062,2022-08-12 18:40:55.455251,0 days 00:13:08.406189,256,0.0,GatedResidualNetwork,16,30,0.001,3,1000,7,adam,1,43,"OrderedDict([('batch_size', [256]), ('dropout', [0.0, 0.05, 0.1]), ('feed_forward', ['GatedResidualNetwork']), ('hidden_size', [16, 32, 64, 128]), ('input_chunk_length', [30]), ('lr', [1e-05, 0.0001, 0.001]), ('lstm_layers', [1, 2, 3, 4]), ('n_epochs', [1000]), ('num_attention_heads', [4, 5, 6, 7]), ('optimizer', ['adam']), ('output_chunk_length', [1])])",COMPLETE
243,243,0.031052112579345703,2022-08-12 18:40:55.456157,2022-08-12 18:50:49.736879,0 days 00:09:54.280722,256,0.05,GatedResidualNetwork,16,30,0.0001,1,1000,7,adam,1,211,"OrderedDict([('batch_size', [256]), ('dropout', [0.0, 0.05, 0.1]), ('feed_forward', ['GatedResidualNetwork']), ('hidden_size', [16, 32, 64, 128]), ('input_chunk_length', [30]), ('lr', [1e-05, 0.0001, 0.001]), ('lstm_layers', [1, 2, 3, 4]), ('n_epochs', [1000]), ('num_attention_heads', [4, 5, 6, 7]), ('optimizer', ['adam']), ('output_chunk_length', [1])])",COMPLETE
244,244,0.025135036557912827,2022-08-12 18:50:49.737759,2022-08-12 18:56:29.091605,0 days 00:05:39.353846,256,0.0,GatedResidualNetwork,64,30,0.0001,3,1000,5,adam,1,121,"OrderedDict([('batch_size', [256]), ('dropout', [0.0, 0.05, 0.1]), ('feed_forward', ['GatedResidualNetwork']), ('hidden_size', [16, 32, 64, 128]), ('input_chunk_length', [30]), ('lr', [1e-05, 0.0001, 0.001]), ('lstm_layers', [1, 2, 3, 4]), ('n_epochs', [1000]), ('num_attention_heads', [4, 5, 6, 7]), ('optimizer', ['adam']), ('output_chunk_length', [1])])",COMPLETE
245,245,0.0540018230676651,2022-08-12 18:56:29.092509,2022-08-12 18:59:42.416110,0 days 00:03:13.323601,256,0.1,GatedResidualNetwork,128,30,0.001,3,1000,4,adam,1,568,"OrderedDict([('batch_size', [256]), ('dropout', [0.0, 0.05, 0.1]), ('feed_forward', ['GatedResidualNetwork']), ('hidden_size', [16, 32, 64, 128]), ('input_chunk_length', [30]), ('lr', [1e-05, 0.0001, 0.001]), ('lstm_layers', [1, 2, 3, 4]), ('n_epochs', [1000]), ('num_attention_heads', [4, 5, 6, 7]), ('optimizer', ['adam']), ('output_chunk_length', [1])])",COMPLETE
246,246,0.03869709372520447,2022-08-12 18:59:42.417007,2022-08-12 19:11:45.655151,0 days 00:12:03.238144,256,0.05,GatedResidualNetwork,16,30,0.0001,2,1000,7,adam,1,215,"OrderedDict([('batch_size', [256]), ('dropout', [0.0, 0.05, 0.1]), ('feed_forward', ['GatedResidualNetwork']), ('hidden_size', [16, 32, 64, 128]), ('input_chunk_length', [30]), ('lr', [1e-05, 0.0001, 0.001]), ('lstm_layers', [1, 2, 3, 4]), ('n_epochs', [1000]), ('num_attention_heads', [4, 5, 6, 7]), ('optimizer', ['adam']), ('output_chunk_length', [1])])",COMPLETE
247,247,0.26826390624046326,2022-08-12 19:11:45.656083,2022-08-12 19:15:29.559661,0 days 00:03:43.903578,256,0.1,GatedResidualNetwork,128,30,0.001,1,1000,4,adam,1,560,"OrderedDict([('batch_size', [256]), ('dropout', [0.0, 0.05, 0.1]), ('feed_forward', ['GatedResidualNetwork']), ('hidden_size', [16, 32, 64, 128]), ('input_chunk_length', [30]), ('lr', [1e-05, 0.0001, 0.001]), ('lstm_layers', [1, 2, 3, 4]), ('n_epochs', [1000]), ('num_attention_heads', [4, 5, 6, 7]), ('optimizer', ['adam']), ('output_chunk_length', [1])])",COMPLETE
248,248,0.2947353422641754,2022-08-12 19:15:29.560560,2022-08-12 19:19:05.515425,0 days 00:03:35.954865,256,0.05,GatedResidualNetwork,64,30,0.001,3,1000,4,adam,1,328,"OrderedDict([('batch_size', [256]), ('dropout', [0.0, 0.05, 0.1]), ('feed_forward', ['GatedResidualNetwork']), ('hidden_size', [16, 32, 64, 128]), ('input_chunk_length', [30]), ('lr', [1e-05, 0.0001, 0.001]), ('lstm_layers', [1, 2, 3, 4]), ('n_epochs', [1000]), ('num_attention_heads', [4, 5, 6, 7]), ('optimizer', ['adam']), ('output_chunk_length', [1])])",COMPLETE
249,249,0.11581943184137344,2022-08-12 19:19:05.516354,2022-08-12 19:27:08.299880,0 days 00:08:02.783526,256,0.0,GatedResidualNetwork,16,30,1e-05,3,1000,6,adam,1,10,"OrderedDict([('batch_size', [256]), ('dropout', [0.0, 0.05, 0.1]), ('feed_forward', ['GatedResidualNetwork']), ('hidden_size', [16, 32, 64, 128]), ('input_chunk_length', [30]), ('lr', [1e-05, 0.0001, 0.001]), ('lstm_layers', [1, 2, 3, 4]), ('n_epochs', [1000]), ('num_attention_heads', [4, 5, 6, 7]), ('optimizer', ['adam']), ('output_chunk_length', [1])])",COMPLETE
250,250,0.2644983232021332,2022-08-12 19:27:08.300828,2022-08-12 19:32:44.259381,0 days 00:05:35.958553,256,0.0,GatedResidualNetwork,64,30,0.0001,2,1000,6,adam,1,118,"OrderedDict([('batch_size', [256]), ('dropout', [0.0, 0.05, 0.1]), ('feed_forward', ['GatedResidualNetwork']), ('hidden_size', [16, 32, 64, 128]), ('input_chunk_length', [30]), ('lr', [1e-05, 0.0001, 0.001]), ('lstm_layers', [1, 2, 3, 4]), ('n_epochs', [1000]), ('num_attention_heads', [4, 5, 6, 7]), ('optimizer', ['adam']), ('output_chunk_length', [1])])",COMPLETE
251,251,0.053685009479522705,2022-08-12 19:32:44.260274,2022-08-12 19:40:33.897253,0 days 00:07:49.636979,256,0.0,GatedResidualNetwork,32,30,1e-05,3,1000,6,adam,1,58,"OrderedDict([('batch_size', [256]), ('dropout', [0.0, 0.05, 0.1]), ('feed_forward', ['GatedResidualNetwork']), ('hidden_size', [16, 32, 64, 128]), ('input_chunk_length', [30]), ('lr', [1e-05, 0.0001, 0.001]), ('lstm_layers', [1, 2, 3, 4]), ('n_epochs', [1000]), ('num_attention_heads', [4, 5, 6, 7]), ('optimizer', ['adam']), ('output_chunk_length', [1])])",COMPLETE
252,252,0.226620152592659,2022-08-12 19:40:33.898147,2022-08-12 19:44:03.328179,0 days 00:03:29.430032,256,0.0,GatedResidualNetwork,32,30,0.001,1,1000,7,adam,1,83,"OrderedDict([('batch_size', [256]), ('dropout', [0.0, 0.05, 0.1]), ('feed_forward', ['GatedResidualNetwork']), ('hidden_size', [16, 32, 64, 128]), ('input_chunk_length', [30]), ('lr', [1e-05, 0.0001, 0.001]), ('lstm_layers', [1, 2, 3, 4]), ('n_epochs', [1000]), ('num_attention_heads', [4, 5, 6, 7]), ('optimizer', ['adam']), ('output_chunk_length', [1])])",COMPLETE
253,253,0.29136380553245544,2022-08-12 19:44:03.329066,2022-08-12 19:54:41.963105,0 days 00:10:38.634039,256,0.05,GatedResidualNetwork,64,30,0.001,4,1000,6,adam,1,334,"OrderedDict([('batch_size', [256]), ('dropout', [0.0, 0.05, 0.1]), ('feed_forward', ['GatedResidualNetwork']), ('hidden_size', [16, 32, 64, 128]), ('input_chunk_length', [30]), ('lr', [1e-05, 0.0001, 0.001]), ('lstm_layers', [1, 2, 3, 4]), ('n_epochs', [1000]), ('num_attention_heads', [4, 5, 6, 7]), ('optimizer', ['adam']), ('output_chunk_length', [1])])",COMPLETE
254,254,0.05321460962295532,2022-08-12 19:54:41.963990,2022-08-12 19:57:14.334340,0 days 00:02:32.370350,256,0.1,GatedResidualNetwork,128,30,0.0001,4,1000,4,adam,1,556,"OrderedDict([('batch_size', [256]), ('dropout', [0.0, 0.05, 0.1]), ('feed_forward', ['GatedResidualNetwork']), ('hidden_size', [16, 32, 64, 128]), ('input_chunk_length', [30]), ('lr', [1e-05, 0.0001, 0.001]), ('lstm_layers', [1, 2, 3, 4]), ('n_epochs', [1000]), ('num_attention_heads', [4, 5, 6, 7]), ('optimizer', ['adam']), ('output_chunk_length', [1])])",COMPLETE
255,255,0.05719476565718651,2022-08-12 19:57:14.335223,2022-08-12 20:03:11.794834,0 days 00:05:57.459611,256,0.1,GatedResidualNetwork,16,30,0.001,1,1000,6,adam,1,418,"OrderedDict([('batch_size', [256]), ('dropout', [0.0, 0.05, 0.1]), ('feed_forward', ['GatedResidualNetwork']), ('hidden_size', [16, 32, 64, 128]), ('input_chunk_length', [30]), ('lr', [1e-05, 0.0001, 0.001]), ('lstm_layers', [1, 2, 3, 4]), ('n_epochs', [1000]), ('num_attention_heads', [4, 5, 6, 7]), ('optimizer', ['adam']), ('output_chunk_length', [1])])",COMPLETE
256,256,0.025025056675076485,2022-08-12 20:03:11.795720,2022-08-12 20:08:31.440973,0 days 00:05:19.645253,256,0.0,GatedResidualNetwork,64,30,0.0001,2,1000,5,adam,1,117,"OrderedDict([('batch_size', [256]), ('dropout', [0.0, 0.05, 0.1]), ('feed_forward', ['GatedResidualNetwork']), ('hidden_size', [16, 32, 64, 128]), ('input_chunk_length', [30]), ('lr', [1e-05, 0.0001, 0.001]), ('lstm_layers', [1, 2, 3, 4]), ('n_epochs', [1000]), ('num_attention_heads', [4, 5, 6, 7]), ('optimizer', ['adam']), ('output_chunk_length', [1])])",COMPLETE
257,257,0.05307357385754585,2022-08-12 20:08:31.441870,2022-08-12 20:13:36.529021,0 days 00:05:05.087151,256,0.05,GatedResidualNetwork,16,30,0.001,4,1000,7,adam,1,239,"OrderedDict([('batch_size', [256]), ('dropout', [0.0, 0.05, 0.1]), ('feed_forward', ['GatedResidualNetwork']), ('hidden_size', [16, 32, 64, 128]), ('input_chunk_length', [30]), ('lr', [1e-05, 0.0001, 0.001]), ('lstm_layers', [1, 2, 3, 4]), ('n_epochs', [1000]), ('num_attention_heads', [4, 5, 6, 7]), ('optimizer', ['adam']), ('output_chunk_length', [1])])",COMPLETE
258,258,0.26048368215560913,2022-08-12 20:13:36.529909,2022-08-12 20:18:05.738030,0 days 00:04:29.208121,256,0.05,GatedResidualNetwork,64,30,1e-05,4,1000,7,adam,1,303,"OrderedDict([('batch_size', [256]), ('dropout', [0.0, 0.05, 0.1]), ('feed_forward', ['GatedResidualNetwork']), ('hidden_size', [16, 32, 64, 128]), ('input_chunk_length', [30]), ('lr', [1e-05, 0.0001, 0.001]), ('lstm_layers', [1, 2, 3, 4]), ('n_epochs', [1000]), ('num_attention_heads', [4, 5, 6, 7]), ('optimizer', ['adam']), ('output_chunk_length', [1])])",COMPLETE
259,259,0.034720100462436676,2022-08-12 20:18:05.738924,2022-08-12 20:21:34.206916,0 days 00:03:28.467992,256,0.0,GatedResidualNetwork,16,30,0.001,1,1000,4,adam,1,32,"OrderedDict([('batch_size', [256]), ('dropout', [0.0, 0.05, 0.1]), ('feed_forward', ['GatedResidualNetwork']), ('hidden_size', [16, 32, 64, 128]), ('input_chunk_length', [30]), ('lr', [1e-05, 0.0001, 0.001]), ('lstm_layers', [1, 2, 3, 4]), ('n_epochs', [1000]), ('num_attention_heads', [4, 5, 6, 7]), ('optimizer', ['adam']), ('output_chunk_length', [1])])",COMPLETE
260,260,0.2832797169685364,2022-08-12 20:21:34.207803,2022-08-12 20:30:06.877368,0 days 00:08:32.669565,256,0.05,GatedResidualNetwork,64,30,1e-05,2,1000,7,adam,1,295,"OrderedDict([('batch_size', [256]), ('dropout', [0.0, 0.05, 0.1]), ('feed_forward', ['GatedResidualNetwork']), ('hidden_size', [16, 32, 64, 128]), ('input_chunk_length', [30]), ('lr', [1e-05, 0.0001, 0.001]), ('lstm_layers', [1, 2, 3, 4]), ('n_epochs', [1000]), ('num_attention_heads', [4, 5, 6, 7]), ('optimizer', ['adam']), ('output_chunk_length', [1])])",COMPLETE
261,261,0.05040452256798744,2022-08-12 20:30:06.878259,2022-08-12 20:40:57.135395,0 days 00:10:50.257136,256,0.05,GatedResidualNetwork,32,30,0.0001,1,1000,4,adam,1,256,"OrderedDict([('batch_size', [256]), ('dropout', [0.0, 0.05, 0.1]), ('feed_forward', ['GatedResidualNetwork']), ('hidden_size', [16, 32, 64, 128]), ('input_chunk_length', [30]), ('lr', [1e-05, 0.0001, 0.001]), ('lstm_layers', [1, 2, 3, 4]), ('n_epochs', [1000]), ('num_attention_heads', [4, 5, 6, 7]), ('optimizer', ['adam']), ('output_chunk_length', [1])])",COMPLETE
262,262,0.17212872207164764,2022-08-12 20:40:57.136295,2022-08-12 20:47:59.428570,0 days 00:07:02.292275,256,0.0,GatedResidualNetwork,16,30,1e-05,4,1000,7,adam,1,15,"OrderedDict([('batch_size', [256]), ('dropout', [0.0, 0.05, 0.1]), ('feed_forward', ['GatedResidualNetwork']), ('hidden_size', [16, 32, 64, 128]), ('input_chunk_length', [30]), ('lr', [1e-05, 0.0001, 0.001]), ('lstm_layers', [1, 2, 3, 4]), ('n_epochs', [1000]), ('num_attention_heads', [4, 5, 6, 7]), ('optimizer', ['adam']), ('output_chunk_length', [1])])",COMPLETE
263,263,0.037977028638124466,2022-08-12 20:47:59.429466,2022-08-12 20:51:13.205716,0 days 00:03:13.776250,256,0.0,GatedResidualNetwork,128,30,1e-05,3,1000,4,adam,1,152,"OrderedDict([('batch_size', [256]), ('dropout', [0.0, 0.05, 0.1]), ('feed_forward', ['GatedResidualNetwork']), ('hidden_size', [16, 32, 64, 128]), ('input_chunk_length', [30]), ('lr', [1e-05, 0.0001, 0.001]), ('lstm_layers', [1, 2, 3, 4]), ('n_epochs', [1000]), ('num_attention_heads', [4, 5, 6, 7]), ('optimizer', ['adam']), ('output_chunk_length', [1])])",COMPLETE
264,264,0.29436033964157104,2022-08-12 20:51:13.206625,2022-08-12 20:59:52.137330,0 days 00:08:38.930705,256,0.0,GatedResidualNetwork,128,30,1e-05,2,1000,5,adam,1,149,"OrderedDict([('batch_size', [256]), ('dropout', [0.0, 0.05, 0.1]), ('feed_forward', ['GatedResidualNetwork']), ('hidden_size', [16, 32, 64, 128]), ('input_chunk_length', [30]), ('lr', [1e-05, 0.0001, 0.001]), ('lstm_layers', [1, 2, 3, 4]), ('n_epochs', [1000]), ('num_attention_heads', [4, 5, 6, 7]), ('optimizer', ['adam']), ('output_chunk_length', [1])])",COMPLETE
265,265,0.020834021270275116,2022-08-12 20:59:52.138240,2022-08-12 21:05:08.869619,0 days 00:05:16.731379,256,0.05,GatedResidualNetwork,128,30,0.0001,2,1000,6,adam,1,358,"OrderedDict([('batch_size', [256]), ('dropout', [0.0, 0.05, 0.1]), ('feed_forward', ['GatedResidualNetwork']), ('hidden_size', [16, 32, 64, 128]), ('input_chunk_length', [30]), ('lr', [1e-05, 0.0001, 0.001]), ('lstm_layers', [1, 2, 3, 4]), ('n_epochs', [1000]), ('num_attention_heads', [4, 5, 6, 7]), ('optimizer', ['adam']), ('output_chunk_length', [1])])",COMPLETE
266,266,0.027602607384324074,2022-08-12 21:05:08.870534,2022-08-12 21:09:50.413938,0 days 00:04:41.543404,256,0.0,GatedResidualNetwork,16,30,0.0001,3,1000,5,adam,1,25,"OrderedDict([('batch_size', [256]), ('dropout', [0.0, 0.05, 0.1]), ('feed_forward', ['GatedResidualNetwork']), ('hidden_size', [16, 32, 64, 128]), ('input_chunk_length', [30]), ('lr', [1e-05, 0.0001, 0.001]), ('lstm_layers', [1, 2, 3, 4]), ('n_epochs', [1000]), ('num_attention_heads', [4, 5, 6, 7]), ('optimizer', ['adam']), ('output_chunk_length', [1])])",COMPLETE
267,267,0.18074290454387665,2022-08-12 21:09:50.414841,2022-08-12 21:13:58.992029,0 days 00:04:08.577188,256,0.0,GatedResidualNetwork,32,30,1e-05,3,1000,7,adam,1,59,"OrderedDict([('batch_size', [256]), ('dropout', [0.0, 0.05, 0.1]), ('feed_forward', ['GatedResidualNetwork']), ('hidden_size', [16, 32, 64, 128]), ('input_chunk_length', [30]), ('lr', [1e-05, 0.0001, 0.001]), ('lstm_layers', [1, 2, 3, 4]), ('n_epochs', [1000]), ('num_attention_heads', [4, 5, 6, 7]), ('optimizer', ['adam']), ('output_chunk_length', [1])])",COMPLETE
268,268,0.1507837176322937,2022-08-12 21:13:58.992936,2022-08-12 21:20:08.903917,0 days 00:06:09.910981,256,0.0,GatedResidualNetwork,32,30,0.001,2,1000,4,adam,1,84,"OrderedDict([('batch_size', [256]), ('dropout', [0.0, 0.05, 0.1]), ('feed_forward', ['GatedResidualNetwork']), ('hidden_size', [16, 32, 64, 128]), ('input_chunk_length', [30]), ('lr', [1e-05, 0.0001, 0.001]), ('lstm_layers', [1, 2, 3, 4]), ('n_epochs', [1000]), ('num_attention_heads', [4, 5, 6, 7]), ('optimizer', ['adam']), ('output_chunk_length', [1])])",COMPLETE
269,269,0.034719906747341156,2022-08-12 21:20:08.904826,2022-08-12 21:25:47.619030,0 days 00:05:38.714204,256,0.0,GatedResidualNetwork,16,30,0.0001,4,1000,5,adam,1,29,"OrderedDict([('batch_size', [256]), ('dropout', [0.0, 0.05, 0.1]), ('feed_forward', ['GatedResidualNetwork']), ('hidden_size', [16, 32, 64, 128]), ('input_chunk_length', [30]), ('lr', [1e-05, 0.0001, 0.001]), ('lstm_layers', [1, 2, 3, 4]), ('n_epochs', [1000]), ('num_attention_heads', [4, 5, 6, 7]), ('optimizer', ['adam']), ('output_chunk_length', [1])])",COMPLETE
270,270,0.26158982515335083,2022-08-12 21:25:47.619953,2022-08-12 21:33:06.881113,0 days 00:07:19.261160,256,0.0,GatedResidualNetwork,32,30,0.0001,4,1000,4,adam,1,76,"OrderedDict([('batch_size', [256]), ('dropout', [0.0, 0.05, 0.1]), ('feed_forward', ['GatedResidualNetwork']), ('hidden_size', [16, 32, 64, 128]), ('input_chunk_length', [30]), ('lr', [1e-05, 0.0001, 0.001]), ('lstm_layers', [1, 2, 3, 4]), ('n_epochs', [1000]), ('num_attention_heads', [4, 5, 6, 7]), ('optimizer', ['adam']), ('output_chunk_length', [1])])",COMPLETE
271,271,0.226620152592659,2022-08-12 21:33:06.882013,2022-08-12 21:36:33.323247,0 days 00:03:26.441234,256,0.0,GatedResidualNetwork,32,30,1e-05,1,1000,7,adam,1,51,"OrderedDict([('batch_size', [256]), ('dropout', [0.0, 0.05, 0.1]), ('feed_forward', ['GatedResidualNetwork']), ('hidden_size', [16, 32, 64, 128]), ('input_chunk_length', [30]), ('lr', [1e-05, 0.0001, 0.001]), ('lstm_layers', [1, 2, 3, 4]), ('n_epochs', [1000]), ('num_attention_heads', [4, 5, 6, 7]), ('optimizer', ['adam']), ('output_chunk_length', [1])])",COMPLETE
272,272,0.022794054821133614,2022-08-12 21:36:33.324173,2022-08-12 21:43:54.170710,0 days 00:07:20.846537,256,0.0,GatedResidualNetwork,64,30,0.001,4,1000,4,adam,1,140,"OrderedDict([('batch_size', [256]), ('dropout', [0.0, 0.05, 0.1]), ('feed_forward', ['GatedResidualNetwork']), ('hidden_size', [16, 32, 64, 128]), ('input_chunk_length', [30]), ('lr', [1e-05, 0.0001, 0.001]), ('lstm_layers', [1, 2, 3, 4]), ('n_epochs', [1000]), ('num_attention_heads', [4, 5, 6, 7]), ('optimizer', ['adam']), ('output_chunk_length', [1])])",COMPLETE
273,273,0.33044666051864624,2022-08-12 21:43:54.171607,2022-08-12 21:52:26.043451,0 days 00:08:31.871844,256,0.1,GatedResidualNetwork,128,30,0.001,1,1000,7,adam,1,563,"OrderedDict([('batch_size', [256]), ('dropout', [0.0, 0.05, 0.1]), ('feed_forward', ['GatedResidualNetwork']), ('hidden_size', [16, 32, 64, 128]), ('input_chunk_length', [30]), ('lr', [1e-05, 0.0001, 0.001]), ('lstm_layers', [1, 2, 3, 4]), ('n_epochs', [1000]), ('num_attention_heads', [4, 5, 6, 7]), ('optimizer', ['adam']), ('output_chunk_length', [1])])",COMPLETE
274,274,0.2400660216808319,2022-08-12 21:52:26.044352,2022-08-12 21:56:13.236795,0 days 00:03:47.192443,256,0.05,GatedResidualNetwork,64,30,0.0001,2,1000,7,adam,1,311,"OrderedDict([('batch_size', [256]), ('dropout', [0.0, 0.05, 0.1]), ('feed_forward', ['GatedResidualNetwork']), ('hidden_size', [16, 32, 64, 128]), ('input_chunk_length', [30]), ('lr', [1e-05, 0.0001, 0.001]), ('lstm_layers', [1, 2, 3, 4]), ('n_epochs', [1000]), ('num_attention_heads', [4, 5, 6, 7]), ('optimizer', ['adam']), ('output_chunk_length', [1])])",COMPLETE
275,275,0.2785661816596985,2022-08-12 21:56:13.237690,2022-08-12 21:59:19.455456,0 days 00:03:06.217766,256,0.0,GatedResidualNetwork,64,30,0.001,3,1000,6,adam,1,138,"OrderedDict([('batch_size', [256]), ('dropout', [0.0, 0.05, 0.1]), ('feed_forward', ['GatedResidualNetwork']), ('hidden_size', [16, 32, 64, 128]), ('input_chunk_length', [30]), ('lr', [1e-05, 0.0001, 0.001]), ('lstm_layers', [1, 2, 3, 4]), ('n_epochs', [1000]), ('num_attention_heads', [4, 5, 6, 7]), ('optimizer', ['adam']), ('output_chunk_length', [1])])",COMPLETE
276,276,0.05241967737674713,2022-08-12 21:59:19.456354,2022-08-12 22:03:17.758461,0 days 00:03:58.302107,256,0.05,GatedResidualNetwork,16,30,1e-05,3,1000,4,adam,1,200,"OrderedDict([('batch_size', [256]), ('dropout', [0.0, 0.05, 0.1]), ('feed_forward', ['GatedResidualNetwork']), ('hidden_size', [16, 32, 64, 128]), ('input_chunk_length', [30]), ('lr', [1e-05, 0.0001, 0.001]), ('lstm_layers', [1, 2, 3, 4]), ('n_epochs', [1000]), ('num_attention_heads', [4, 5, 6, 7]), ('optimizer', ['adam']), ('output_chunk_length', [1])])",COMPLETE
277,277,0.21348920464515686,2022-08-12 22:03:17.759360,2022-08-12 22:07:34.154903,0 days 00:04:16.395543,256,0.0,GatedResidualNetwork,32,30,0.001,3,1000,4,adam,1,88,"OrderedDict([('batch_size', [256]), ('dropout', [0.0, 0.05, 0.1]), ('feed_forward', ['GatedResidualNetwork']), ('hidden_size', [16, 32, 64, 128]), ('input_chunk_length', [30]), ('lr', [1e-05, 0.0001, 0.001]), ('lstm_layers', [1, 2, 3, 4]), ('n_epochs', [1000]), ('num_attention_heads', [4, 5, 6, 7]), ('optimizer', ['adam']), ('output_chunk_length', [1])])",COMPLETE
278,278,0.04404175281524658,2022-08-12 22:07:34.155815,2022-08-12 22:13:21.812844,0 days 00:05:47.657029,256,0.05,GatedResidualNetwork,16,30,0.0001,3,1000,7,adam,1,219,"OrderedDict([('batch_size', [256]), ('dropout', [0.0, 0.05, 0.1]), ('feed_forward', ['GatedResidualNetwork']), ('hidden_size', [16, 32, 64, 128]), ('input_chunk_length', [30]), ('lr', [1e-05, 0.0001, 0.001]), ('lstm_layers', [1, 2, 3, 4]), ('n_epochs', [1000]), ('num_attention_heads', [4, 5, 6, 7]), ('optimizer', ['adam']), ('output_chunk_length', [1])])",COMPLETE
279,279,0.03203776851296425,2022-08-12 22:13:21.813731,2022-08-12 22:16:54.505849,0 days 00:03:32.692118,256,0.1,GatedResidualNetwork,64,30,0.0001,2,1000,5,adam,1,501,"OrderedDict([('batch_size', [256]), ('dropout', [0.0, 0.05, 0.1]), ('feed_forward', ['GatedResidualNetwork']), ('hidden_size', [16, 32, 64, 128]), ('input_chunk_length', [30]), ('lr', [1e-05, 0.0001, 0.001]), ('lstm_layers', [1, 2, 3, 4]), ('n_epochs', [1000]), ('num_attention_heads', [4, 5, 6, 7]), ('optimizer', ['adam']), ('output_chunk_length', [1])])",COMPLETE
