,number,value,datetime_start,datetime_complete,duration,params_batch_size,params_dropout,params_feed_forward,params_hidden_size,params_input_chunk_length,params_lr,params_lstm_layers,params_n_epochs,params_num_attention_heads,params_optimizer,params_output_chunk_length,system_attrs_grid_id,system_attrs_search_space,state
280,280,0.025590676814317703,2022-08-12 22:16:54.506737,2022-08-12 22:22:11.631377,0 days 00:05:17.124640,256,0.1,GatedResidualNetwork,128,30,0.001,2,1000,6,adam,1,566,"OrderedDict([('batch_size', [256]), ('dropout', [0.0, 0.05, 0.1]), ('feed_forward', ['GatedResidualNetwork']), ('hidden_size', [16, 32, 64, 128]), ('input_chunk_length', [30]), ('lr', [1e-05, 0.0001, 0.001]), ('lstm_layers', [1, 2, 3, 4]), ('n_epochs', [1000]), ('num_attention_heads', [4, 5, 6, 7]), ('optimizer', ['adam']), ('output_chunk_length', [1])])",COMPLETE
281,281,0.1868908852338791,2022-08-12 22:22:11.632278,2022-08-12 22:29:07.429714,0 days 00:06:55.797436,256,0.0,GatedResidualNetwork,64,30,0.001,4,1000,6,adam,1,142,"OrderedDict([('batch_size', [256]), ('dropout', [0.0, 0.05, 0.1]), ('feed_forward', ['GatedResidualNetwork']), ('hidden_size', [16, 32, 64, 128]), ('input_chunk_length', [30]), ('lr', [1e-05, 0.0001, 0.001]), ('lstm_layers', [1, 2, 3, 4]), ('n_epochs', [1000]), ('num_attention_heads', [4, 5, 6, 7]), ('optimizer', ['adam']), ('output_chunk_length', [1])])",COMPLETE
282,282,0.037396933883428574,2022-08-12 22:29:07.430607,2022-08-12 22:31:39.866940,0 days 00:02:32.436333,256,0.0,GatedResidualNetwork,64,30,0.0001,4,1000,5,adam,1,125,"OrderedDict([('batch_size', [256]), ('dropout', [0.0, 0.05, 0.1]), ('feed_forward', ['GatedResidualNetwork']), ('hidden_size', [16, 32, 64, 128]), ('input_chunk_length', [30]), ('lr', [1e-05, 0.0001, 0.001]), ('lstm_layers', [1, 2, 3, 4]), ('n_epochs', [1000]), ('num_attention_heads', [4, 5, 6, 7]), ('optimizer', ['adam']), ('output_chunk_length', [1])])",COMPLETE
283,283,0.05073171854019165,2022-08-12 22:31:39.867831,2022-08-12 22:35:20.160311,0 days 00:03:40.292480,256,0.1,GatedResidualNetwork,16,30,1e-05,3,1000,5,adam,1,393,"OrderedDict([('batch_size', [256]), ('dropout', [0.0, 0.05, 0.1]), ('feed_forward', ['GatedResidualNetwork']), ('hidden_size', [16, 32, 64, 128]), ('input_chunk_length', [30]), ('lr', [1e-05, 0.0001, 0.001]), ('lstm_layers', [1, 2, 3, 4]), ('n_epochs', [1000]), ('num_attention_heads', [4, 5, 6, 7]), ('optimizer', ['adam']), ('output_chunk_length', [1])])",COMPLETE
284,284,0.031447384506464005,2022-08-12 22:35:20.161207,2022-08-12 22:39:08.337435,0 days 00:03:48.176228,256,0.05,GatedResidualNetwork,32,30,0.0001,3,1000,4,adam,1,264,"OrderedDict([('batch_size', [256]), ('dropout', [0.0, 0.05, 0.1]), ('feed_forward', ['GatedResidualNetwork']), ('hidden_size', [16, 32, 64, 128]), ('input_chunk_length', [30]), ('lr', [1e-05, 0.0001, 0.001]), ('lstm_layers', [1, 2, 3, 4]), ('n_epochs', [1000]), ('num_attention_heads', [4, 5, 6, 7]), ('optimizer', ['adam']), ('output_chunk_length', [1])])",COMPLETE
285,285,0.031124860048294067,2022-08-12 22:39:08.338328,2022-08-12 22:41:33.818733,0 days 00:02:25.480405,256,0.05,GatedResidualNetwork,128,30,1e-05,4,1000,7,adam,1,351,"OrderedDict([('batch_size', [256]), ('dropout', [0.0, 0.05, 0.1]), ('feed_forward', ['GatedResidualNetwork']), ('hidden_size', [16, 32, 64, 128]), ('input_chunk_length', [30]), ('lr', [1e-05, 0.0001, 0.001]), ('lstm_layers', [1, 2, 3, 4]), ('n_epochs', [1000]), ('num_attention_heads', [4, 5, 6, 7]), ('optimizer', ['adam']), ('output_chunk_length', [1])])",COMPLETE
286,286,0.03743564337491989,2022-08-12 22:41:33.819630,2022-08-12 22:46:31.106297,0 days 00:04:57.286667,256,0.1,GatedResidualNetwork,32,30,0.001,2,1000,6,adam,1,470,"OrderedDict([('batch_size', [256]), ('dropout', [0.0, 0.05, 0.1]), ('feed_forward', ['GatedResidualNetwork']), ('hidden_size', [16, 32, 64, 128]), ('input_chunk_length', [30]), ('lr', [1e-05, 0.0001, 0.001]), ('lstm_layers', [1, 2, 3, 4]), ('n_epochs', [1000]), ('num_attention_heads', [4, 5, 6, 7]), ('optimizer', ['adam']), ('output_chunk_length', [1])])",COMPLETE
287,287,0.02330848015844822,2022-08-12 22:46:31.107193,2022-08-12 22:53:57.388598,0 days 00:07:26.281405,256,0.0,GatedResidualNetwork,64,30,1e-05,1,1000,7,adam,1,99,"OrderedDict([('batch_size', [256]), ('dropout', [0.0, 0.05, 0.1]), ('feed_forward', ['GatedResidualNetwork']), ('hidden_size', [16, 32, 64, 128]), ('input_chunk_length', [30]), ('lr', [1e-05, 0.0001, 0.001]), ('lstm_layers', [1, 2, 3, 4]), ('n_epochs', [1000]), ('num_attention_heads', [4, 5, 6, 7]), ('optimizer', ['adam']), ('output_chunk_length', [1])])",COMPLETE
288,288,0.23302705585956573,2022-08-12 22:53:57.389507,2022-08-12 23:00:08.178456,0 days 00:06:10.788949,256,0.0,GatedResidualNetwork,64,30,1e-05,4,1000,6,adam,1,110,"OrderedDict([('batch_size', [256]), ('dropout', [0.0, 0.05, 0.1]), ('feed_forward', ['GatedResidualNetwork']), ('hidden_size', [16, 32, 64, 128]), ('input_chunk_length', [30]), ('lr', [1e-05, 0.0001, 0.001]), ('lstm_layers', [1, 2, 3, 4]), ('n_epochs', [1000]), ('num_attention_heads', [4, 5, 6, 7]), ('optimizer', ['adam']), ('output_chunk_length', [1])])",COMPLETE
289,289,0.024195900186896324,2022-08-12 23:00:08.179355,2022-08-12 23:08:17.527133,0 days 00:08:09.347778,256,0.0,GatedResidualNetwork,32,30,1e-05,2,1000,5,adam,1,53,"OrderedDict([('batch_size', [256]), ('dropout', [0.0, 0.05, 0.1]), ('feed_forward', ['GatedResidualNetwork']), ('hidden_size', [16, 32, 64, 128]), ('input_chunk_length', [30]), ('lr', [1e-05, 0.0001, 0.001]), ('lstm_layers', [1, 2, 3, 4]), ('n_epochs', [1000]), ('num_attention_heads', [4, 5, 6, 7]), ('optimizer', ['adam']), ('output_chunk_length', [1])])",COMPLETE
290,290,0.035467728972435,2022-08-12 23:08:17.528037,2022-08-12 23:11:16.623631,0 days 00:02:59.095594,256,0.1,GatedResidualNetwork,128,30,0.0001,4,1000,5,adam,1,557,"OrderedDict([('batch_size', [256]), ('dropout', [0.0, 0.05, 0.1]), ('feed_forward', ['GatedResidualNetwork']), ('hidden_size', [16, 32, 64, 128]), ('input_chunk_length', [30]), ('lr', [1e-05, 0.0001, 0.001]), ('lstm_layers', [1, 2, 3, 4]), ('n_epochs', [1000]), ('num_attention_heads', [4, 5, 6, 7]), ('optimizer', ['adam']), ('output_chunk_length', [1])])",COMPLETE
291,291,0.03835718333721161,2022-08-12 23:11:16.624534,2022-08-12 23:16:25.287847,0 days 00:05:08.663313,256,0.1,GatedResidualNetwork,32,30,1e-05,1,1000,5,adam,1,433,"OrderedDict([('batch_size', [256]), ('dropout', [0.0, 0.05, 0.1]), ('feed_forward', ['GatedResidualNetwork']), ('hidden_size', [16, 32, 64, 128]), ('input_chunk_length', [30]), ('lr', [1e-05, 0.0001, 0.001]), ('lstm_layers', [1, 2, 3, 4]), ('n_epochs', [1000]), ('num_attention_heads', [4, 5, 6, 7]), ('optimizer', ['adam']), ('output_chunk_length', [1])])",COMPLETE
292,292,0.2153448909521103,2022-08-12 23:16:25.288758,2022-08-12 23:20:46.788849,0 days 00:04:21.500091,256,0.0,GatedResidualNetwork,128,30,0.001,2,1000,5,adam,1,181,"OrderedDict([('batch_size', [256]), ('dropout', [0.0, 0.05, 0.1]), ('feed_forward', ['GatedResidualNetwork']), ('hidden_size', [16, 32, 64, 128]), ('input_chunk_length', [30]), ('lr', [1e-05, 0.0001, 0.001]), ('lstm_layers', [1, 2, 3, 4]), ('n_epochs', [1000]), ('num_attention_heads', [4, 5, 6, 7]), ('optimizer', ['adam']), ('output_chunk_length', [1])])",COMPLETE
293,293,0.05862705409526825,2022-08-12 23:20:46.789752,2022-08-12 23:32:14.708290,0 days 00:11:27.918538,256,0.05,GatedResidualNetwork,16,30,1e-05,4,1000,6,adam,1,206,"OrderedDict([('batch_size', [256]), ('dropout', [0.0, 0.05, 0.1]), ('feed_forward', ['GatedResidualNetwork']), ('hidden_size', [16, 32, 64, 128]), ('input_chunk_length', [30]), ('lr', [1e-05, 0.0001, 0.001]), ('lstm_layers', [1, 2, 3, 4]), ('n_epochs', [1000]), ('num_attention_heads', [4, 5, 6, 7]), ('optimizer', ['adam']), ('output_chunk_length', [1])])",COMPLETE
294,294,0.03726515173912048,2022-08-12 23:32:14.709198,2022-08-12 23:37:27.540664,0 days 00:05:12.831466,256,0.1,GatedResidualNetwork,32,30,0.001,1,1000,6,adam,1,466,"OrderedDict([('batch_size', [256]), ('dropout', [0.0, 0.05, 0.1]), ('feed_forward', ['GatedResidualNetwork']), ('hidden_size', [16, 32, 64, 128]), ('input_chunk_length', [30]), ('lr', [1e-05, 0.0001, 0.001]), ('lstm_layers', [1, 2, 3, 4]), ('n_epochs', [1000]), ('num_attention_heads', [4, 5, 6, 7]), ('optimizer', ['adam']), ('output_chunk_length', [1])])",COMPLETE
295,295,0.026781855151057243,2022-08-12 23:37:27.541594,2022-08-12 23:43:22.028981,0 days 00:05:54.487387,256,0.05,GatedResidualNetwork,16,30,0.001,1,1000,4,adam,1,224,"OrderedDict([('batch_size', [256]), ('dropout', [0.0, 0.05, 0.1]), ('feed_forward', ['GatedResidualNetwork']), ('hidden_size', [16, 32, 64, 128]), ('input_chunk_length', [30]), ('lr', [1e-05, 0.0001, 0.001]), ('lstm_layers', [1, 2, 3, 4]), ('n_epochs', [1000]), ('num_attention_heads', [4, 5, 6, 7]), ('optimizer', ['adam']), ('output_chunk_length', [1])])",COMPLETE
296,296,0.3000895082950592,2022-08-12 23:43:22.029891,2022-08-12 23:45:50.434473,0 days 00:02:28.404582,256,0.05,GatedResidualNetwork,32,30,0.001,4,1000,6,adam,1,286,"OrderedDict([('batch_size', [256]), ('dropout', [0.0, 0.05, 0.1]), ('feed_forward', ['GatedResidualNetwork']), ('hidden_size', [16, 32, 64, 128]), ('input_chunk_length', [30]), ('lr', [1e-05, 0.0001, 0.001]), ('lstm_layers', [1, 2, 3, 4]), ('n_epochs', [1000]), ('num_attention_heads', [4, 5, 6, 7]), ('optimizer', ['adam']), ('output_chunk_length', [1])])",COMPLETE
297,297,0.024275856092572212,2022-08-12 23:45:50.435453,2022-08-12 23:55:39.979411,0 days 00:09:49.543958,256,0.0,GatedResidualNetwork,16,30,1e-05,1,1000,5,adam,1,1,"OrderedDict([('batch_size', [256]), ('dropout', [0.0, 0.05, 0.1]), ('feed_forward', ['GatedResidualNetwork']), ('hidden_size', [16, 32, 64, 128]), ('input_chunk_length', [30]), ('lr', [1e-05, 0.0001, 0.001]), ('lstm_layers', [1, 2, 3, 4]), ('n_epochs', [1000]), ('num_attention_heads', [4, 5, 6, 7]), ('optimizer', ['adam']), ('output_chunk_length', [1])])",COMPLETE
298,298,0.04208889231085777,2022-08-12 23:55:39.980345,2022-08-12 23:58:52.376284,0 days 00:03:12.395939,256,0.1,GatedResidualNetwork,32,30,0.0001,2,1000,4,adam,1,452,"OrderedDict([('batch_size', [256]), ('dropout', [0.0, 0.05, 0.1]), ('feed_forward', ['GatedResidualNetwork']), ('hidden_size', [16, 32, 64, 128]), ('input_chunk_length', [30]), ('lr', [1e-05, 0.0001, 0.001]), ('lstm_layers', [1, 2, 3, 4]), ('n_epochs', [1000]), ('num_attention_heads', [4, 5, 6, 7]), ('optimizer', ['adam']), ('output_chunk_length', [1])])",COMPLETE
299,299,0.08847497403621674,2022-08-12 23:58:52.377189,2022-08-13 00:07:56.076468,0 days 00:09:03.699279,256,0.05,GatedResidualNetwork,16,30,0.0001,4,1000,6,adam,1,222,"OrderedDict([('batch_size', [256]), ('dropout', [0.0, 0.05, 0.1]), ('feed_forward', ['GatedResidualNetwork']), ('hidden_size', [16, 32, 64, 128]), ('input_chunk_length', [30]), ('lr', [1e-05, 0.0001, 0.001]), ('lstm_layers', [1, 2, 3, 4]), ('n_epochs', [1000]), ('num_attention_heads', [4, 5, 6, 7]), ('optimizer', ['adam']), ('output_chunk_length', [1])])",COMPLETE
