,number,value,datetime_start,datetime_complete,duration,params_batch_size,params_dropout,params_feed_forward,params_hidden_size,params_input_chunk_length,params_lr,params_lstm_layers,params_n_epochs,params_num_attention_heads,params_optimizer,params_output_chunk_length,system_attrs_grid_id,system_attrs_search_space,state
200,200,0.06472315639257431,2022-08-12 14:16:16.515663,2022-08-12 14:19:15.744647,0 days 00:02:59.228984,256,0.1,GatedResidualNetwork,32,30,0.001,4,1000,5,adam,1,477,"OrderedDict([('batch_size', [256]), ('dropout', [0.0, 0.05, 0.1]), ('feed_forward', ['GatedResidualNetwork']), ('hidden_size', [16, 32, 64, 128]), ('input_chunk_length', [30]), ('lr', [1e-05, 0.0001, 0.001]), ('lstm_layers', [1, 2, 3, 4]), ('n_epochs', [1000]), ('num_attention_heads', [4, 5, 6, 7]), ('optimizer', ['adam']), ('output_chunk_length', [1])])",COMPLETE
201,201,0.02695014327764511,2022-08-12 14:19:15.745534,2022-08-12 14:24:45.826757,0 days 00:05:30.081223,256,0.1,GatedResidualNetwork,16,30,0.001,1,1000,4,adam,1,416,"OrderedDict([('batch_size', [256]), ('dropout', [0.0, 0.05, 0.1]), ('feed_forward', ['GatedResidualNetwork']), ('hidden_size', [16, 32, 64, 128]), ('input_chunk_length', [30]), ('lr', [1e-05, 0.0001, 0.001]), ('lstm_layers', [1, 2, 3, 4]), ('n_epochs', [1000]), ('num_attention_heads', [4, 5, 6, 7]), ('optimizer', ['adam']), ('output_chunk_length', [1])])",COMPLETE
202,202,0.04622233286499977,2022-08-12 14:24:45.827641,2022-08-12 14:30:46.338277,0 days 00:06:00.510636,256,0.05,GatedResidualNetwork,16,30,0.001,2,1000,7,adam,1,231,"OrderedDict([('batch_size', [256]), ('dropout', [0.0, 0.05, 0.1]), ('feed_forward', ['GatedResidualNetwork']), ('hidden_size', [16, 32, 64, 128]), ('input_chunk_length', [30]), ('lr', [1e-05, 0.0001, 0.001]), ('lstm_layers', [1, 2, 3, 4]), ('n_epochs', [1000]), ('num_attention_heads', [4, 5, 6, 7]), ('optimizer', ['adam']), ('output_chunk_length', [1])])",COMPLETE
203,203,0.29298827052116394,2022-08-12 14:30:46.339168,2022-08-12 14:34:27.438966,0 days 00:03:41.099798,256,0.05,GatedResidualNetwork,128,30,0.0001,1,1000,4,adam,1,352,"OrderedDict([('batch_size', [256]), ('dropout', [0.0, 0.05, 0.1]), ('feed_forward', ['GatedResidualNetwork']), ('hidden_size', [16, 32, 64, 128]), ('input_chunk_length', [30]), ('lr', [1e-05, 0.0001, 0.001]), ('lstm_layers', [1, 2, 3, 4]), ('n_epochs', [1000]), ('num_attention_heads', [4, 5, 6, 7]), ('optimizer', ['adam']), ('output_chunk_length', [1])])",COMPLETE
204,204,0.04128538817167282,2022-08-12 14:34:27.439851,2022-08-12 14:40:16.086507,0 days 00:05:48.646656,256,0.0,GatedResidualNetwork,128,30,1e-05,2,1000,7,adam,1,151,"OrderedDict([('batch_size', [256]), ('dropout', [0.0, 0.05, 0.1]), ('feed_forward', ['GatedResidualNetwork']), ('hidden_size', [16, 32, 64, 128]), ('input_chunk_length', [30]), ('lr', [1e-05, 0.0001, 0.001]), ('lstm_layers', [1, 2, 3, 4]), ('n_epochs', [1000]), ('num_attention_heads', [4, 5, 6, 7]), ('optimizer', ['adam']), ('output_chunk_length', [1])])",COMPLETE
205,205,0.05088099464774132,2022-08-12 14:40:16.087403,2022-08-12 14:45:19.879453,0 days 00:05:03.792050,256,0.1,GatedResidualNetwork,16,30,0.001,2,1000,7,adam,1,423,"OrderedDict([('batch_size', [256]), ('dropout', [0.0, 0.05, 0.1]), ('feed_forward', ['GatedResidualNetwork']), ('hidden_size', [16, 32, 64, 128]), ('input_chunk_length', [30]), ('lr', [1e-05, 0.0001, 0.001]), ('lstm_layers', [1, 2, 3, 4]), ('n_epochs', [1000]), ('num_attention_heads', [4, 5, 6, 7]), ('optimizer', ['adam']), ('output_chunk_length', [1])])",COMPLETE
206,206,0.033890072256326675,2022-08-12 14:45:19.880349,2022-08-12 14:49:04.258456,0 days 00:03:44.378107,256,0.05,GatedResidualNetwork,32,30,0.001,3,1000,4,adam,1,280,"OrderedDict([('batch_size', [256]), ('dropout', [0.0, 0.05, 0.1]), ('feed_forward', ['GatedResidualNetwork']), ('hidden_size', [16, 32, 64, 128]), ('input_chunk_length', [30]), ('lr', [1e-05, 0.0001, 0.001]), ('lstm_layers', [1, 2, 3, 4]), ('n_epochs', [1000]), ('num_attention_heads', [4, 5, 6, 7]), ('optimizer', ['adam']), ('output_chunk_length', [1])])",COMPLETE
207,207,0.2986662685871124,2022-08-12 14:49:04.259344,2022-08-12 14:51:34.342277,0 days 00:02:30.082933,256,0.05,GatedResidualNetwork,32,30,0.0001,4,1000,6,adam,1,270,"OrderedDict([('batch_size', [256]), ('dropout', [0.0, 0.05, 0.1]), ('feed_forward', ['GatedResidualNetwork']), ('hidden_size', [16, 32, 64, 128]), ('input_chunk_length', [30]), ('lr', [1e-05, 0.0001, 0.001]), ('lstm_layers', [1, 2, 3, 4]), ('n_epochs', [1000]), ('num_attention_heads', [4, 5, 6, 7]), ('optimizer', ['adam']), ('output_chunk_length', [1])])",COMPLETE
208,208,0.0353114940226078,2022-08-12 14:51:34.343166,2022-08-12 15:00:29.075728,0 days 00:08:54.732562,256,0.0,GatedResidualNetwork,16,30,0.0001,4,1000,6,adam,1,30,"OrderedDict([('batch_size', [256]), ('dropout', [0.0, 0.05, 0.1]), ('feed_forward', ['GatedResidualNetwork']), ('hidden_size', [16, 32, 64, 128]), ('input_chunk_length', [30]), ('lr', [1e-05, 0.0001, 0.001]), ('lstm_layers', [1, 2, 3, 4]), ('n_epochs', [1000]), ('num_attention_heads', [4, 5, 6, 7]), ('optimizer', ['adam']), ('output_chunk_length', [1])])",COMPLETE
209,209,0.026630133390426636,2022-08-12 15:00:29.076678,2022-08-12 15:05:57.681303,0 days 00:05:28.604625,256,0.05,GatedResidualNetwork,64,30,0.001,2,1000,4,adam,1,324,"OrderedDict([('batch_size', [256]), ('dropout', [0.0, 0.05, 0.1]), ('feed_forward', ['GatedResidualNetwork']), ('hidden_size', [16, 32, 64, 128]), ('input_chunk_length', [30]), ('lr', [1e-05, 0.0001, 0.001]), ('lstm_layers', [1, 2, 3, 4]), ('n_epochs', [1000]), ('num_attention_heads', [4, 5, 6, 7]), ('optimizer', ['adam']), ('output_chunk_length', [1])])",COMPLETE
210,210,0.045472949743270874,2022-08-12 15:05:57.682187,2022-08-12 15:12:45.622958,0 days 00:06:47.940771,256,0.05,GatedResidualNetwork,16,30,1e-05,3,1000,7,adam,1,203,"OrderedDict([('batch_size', [256]), ('dropout', [0.0, 0.05, 0.1]), ('feed_forward', ['GatedResidualNetwork']), ('hidden_size', [16, 32, 64, 128]), ('input_chunk_length', [30]), ('lr', [1e-05, 0.0001, 0.001]), ('lstm_layers', [1, 2, 3, 4]), ('n_epochs', [1000]), ('num_attention_heads', [4, 5, 6, 7]), ('optimizer', ['adam']), ('output_chunk_length', [1])])",COMPLETE
211,211,0.026399435475468636,2022-08-12 15:12:45.623842,2022-08-12 15:18:06.375732,0 days 00:05:20.751890,256,0.1,GatedResidualNetwork,64,30,1e-05,2,1000,4,adam,1,484,"OrderedDict([('batch_size', [256]), ('dropout', [0.0, 0.05, 0.1]), ('feed_forward', ['GatedResidualNetwork']), ('hidden_size', [16, 32, 64, 128]), ('input_chunk_length', [30]), ('lr', [1e-05, 0.0001, 0.001]), ('lstm_layers', [1, 2, 3, 4]), ('n_epochs', [1000]), ('num_attention_heads', [4, 5, 6, 7]), ('optimizer', ['adam']), ('output_chunk_length', [1])])",COMPLETE
212,212,0.053461700677871704,2022-08-12 15:18:06.376624,2022-08-12 15:27:17.453477,0 days 00:09:11.076853,256,0.1,GatedResidualNetwork,64,30,1e-05,1,1000,6,adam,1,482,"OrderedDict([('batch_size', [256]), ('dropout', [0.0, 0.05, 0.1]), ('feed_forward', ['GatedResidualNetwork']), ('hidden_size', [16, 32, 64, 128]), ('input_chunk_length', [30]), ('lr', [1e-05, 0.0001, 0.001]), ('lstm_layers', [1, 2, 3, 4]), ('n_epochs', [1000]), ('num_attention_heads', [4, 5, 6, 7]), ('optimizer', ['adam']), ('output_chunk_length', [1])])",COMPLETE
213,213,0.054537221789360046,2022-08-12 15:27:17.454368,2022-08-12 15:33:34.525069,0 days 00:06:17.070701,256,0.1,GatedResidualNetwork,16,30,0.001,3,1000,4,adam,1,424,"OrderedDict([('batch_size', [256]), ('dropout', [0.0, 0.05, 0.1]), ('feed_forward', ['GatedResidualNetwork']), ('hidden_size', [16, 32, 64, 128]), ('input_chunk_length', [30]), ('lr', [1e-05, 0.0001, 0.001]), ('lstm_layers', [1, 2, 3, 4]), ('n_epochs', [1000]), ('num_attention_heads', [4, 5, 6, 7]), ('optimizer', ['adam']), ('output_chunk_length', [1])])",COMPLETE
214,214,0.26826411485671997,2022-08-12 15:33:34.525956,2022-08-12 15:37:20.426526,0 days 00:03:45.900570,256,0.1,GatedResidualNetwork,128,30,0.0001,1,1000,4,adam,1,544,"OrderedDict([('batch_size', [256]), ('dropout', [0.0, 0.05, 0.1]), ('feed_forward', ['GatedResidualNetwork']), ('hidden_size', [16, 32, 64, 128]), ('input_chunk_length', [30]), ('lr', [1e-05, 0.0001, 0.001]), ('lstm_layers', [1, 2, 3, 4]), ('n_epochs', [1000]), ('num_attention_heads', [4, 5, 6, 7]), ('optimizer', ['adam']), ('output_chunk_length', [1])])",COMPLETE
215,215,0.019990701228380203,2022-08-12 15:37:20.427415,2022-08-12 15:44:32.142455,0 days 00:07:11.715040,256,0.0,GatedResidualNetwork,128,30,1e-05,2,1000,6,adam,1,150,"OrderedDict([('batch_size', [256]), ('dropout', [0.0, 0.05, 0.1]), ('feed_forward', ['GatedResidualNetwork']), ('hidden_size', [16, 32, 64, 128]), ('input_chunk_length', [30]), ('lr', [1e-05, 0.0001, 0.001]), ('lstm_layers', [1, 2, 3, 4]), ('n_epochs', [1000]), ('num_attention_heads', [4, 5, 6, 7]), ('optimizer', ['adam']), ('output_chunk_length', [1])])",COMPLETE
216,216,0.24622559547424316,2022-08-12 15:44:32.143386,2022-08-12 15:47:13.607920,0 days 00:02:41.464534,256,0.1,GatedResidualNetwork,64,30,1e-05,4,1000,7,adam,1,495,"OrderedDict([('batch_size', [256]), ('dropout', [0.0, 0.05, 0.1]), ('feed_forward', ['GatedResidualNetwork']), ('hidden_size', [16, 32, 64, 128]), ('input_chunk_length', [30]), ('lr', [1e-05, 0.0001, 0.001]), ('lstm_layers', [1, 2, 3, 4]), ('n_epochs', [1000]), ('num_attention_heads', [4, 5, 6, 7]), ('optimizer', ['adam']), ('output_chunk_length', [1])])",COMPLETE
217,217,0.05155518278479576,2022-08-12 15:47:13.608856,2022-08-12 15:51:13.289227,0 days 00:03:59.680371,256,0.05,GatedResidualNetwork,32,30,1e-05,4,1000,5,adam,1,253,"OrderedDict([('batch_size', [256]), ('dropout', [0.0, 0.05, 0.1]), ('feed_forward', ['GatedResidualNetwork']), ('hidden_size', [16, 32, 64, 128]), ('input_chunk_length', [30]), ('lr', [1e-05, 0.0001, 0.001]), ('lstm_layers', [1, 2, 3, 4]), ('n_epochs', [1000]), ('num_attention_heads', [4, 5, 6, 7]), ('optimizer', ['adam']), ('output_chunk_length', [1])])",COMPLETE
218,218,0.03593721613287926,2022-08-12 15:51:13.290115,2022-08-12 15:54:31.431826,0 days 00:03:18.141711,256,0.05,GatedResidualNetwork,128,30,0.0001,4,1000,5,adam,1,365,"OrderedDict([('batch_size', [256]), ('dropout', [0.0, 0.05, 0.1]), ('feed_forward', ['GatedResidualNetwork']), ('hidden_size', [16, 32, 64, 128]), ('input_chunk_length', [30]), ('lr', [1e-05, 0.0001, 0.001]), ('lstm_layers', [1, 2, 3, 4]), ('n_epochs', [1000]), ('num_attention_heads', [4, 5, 6, 7]), ('optimizer', ['adam']), ('output_chunk_length', [1])])",COMPLETE
219,219,0.20018620789051056,2022-08-12 15:54:31.432715,2022-08-12 16:07:09.132200,0 days 00:12:37.699485,256,0.05,GatedResidualNetwork,64,30,0.0001,1,1000,5,adam,1,305,"OrderedDict([('batch_size', [256]), ('dropout', [0.0, 0.05, 0.1]), ('feed_forward', ['GatedResidualNetwork']), ('hidden_size', [16, 32, 64, 128]), ('input_chunk_length', [30]), ('lr', [1e-05, 0.0001, 0.001]), ('lstm_layers', [1, 2, 3, 4]), ('n_epochs', [1000]), ('num_attention_heads', [4, 5, 6, 7]), ('optimizer', ['adam']), ('output_chunk_length', [1])])",COMPLETE
220,220,0.26758530735969543,2022-08-12 16:07:09.133075,2022-08-12 16:11:12.956680,0 days 00:04:03.823605,256,0.05,GatedResidualNetwork,64,30,0.0001,2,1000,6,adam,1,310,"OrderedDict([('batch_size', [256]), ('dropout', [0.0, 0.05, 0.1]), ('feed_forward', ['GatedResidualNetwork']), ('hidden_size', [16, 32, 64, 128]), ('input_chunk_length', [30]), ('lr', [1e-05, 0.0001, 0.001]), ('lstm_layers', [1, 2, 3, 4]), ('n_epochs', [1000]), ('num_attention_heads', [4, 5, 6, 7]), ('optimizer', ['adam']), ('output_chunk_length', [1])])",COMPLETE
221,221,0.29955363273620605,2022-08-12 16:11:12.957617,2022-08-12 16:13:43.164663,0 days 00:02:30.207046,256,0.05,GatedResidualNetwork,32,30,1e-05,4,1000,6,adam,1,254,"OrderedDict([('batch_size', [256]), ('dropout', [0.0, 0.05, 0.1]), ('feed_forward', ['GatedResidualNetwork']), ('hidden_size', [16, 32, 64, 128]), ('input_chunk_length', [30]), ('lr', [1e-05, 0.0001, 0.001]), ('lstm_layers', [1, 2, 3, 4]), ('n_epochs', [1000]), ('num_attention_heads', [4, 5, 6, 7]), ('optimizer', ['adam']), ('output_chunk_length', [1])])",COMPLETE
222,222,0.03898501768708229,2022-08-12 16:13:43.165540,2022-08-12 16:25:21.455863,0 days 00:11:38.290323,256,0.0,GatedResidualNetwork,16,30,0.0001,2,1000,5,adam,1,21,"OrderedDict([('batch_size', [256]), ('dropout', [0.0, 0.05, 0.1]), ('feed_forward', ['GatedResidualNetwork']), ('hidden_size', [16, 32, 64, 128]), ('input_chunk_length', [30]), ('lr', [1e-05, 0.0001, 0.001]), ('lstm_layers', [1, 2, 3, 4]), ('n_epochs', [1000]), ('num_attention_heads', [4, 5, 6, 7]), ('optimizer', ['adam']), ('output_chunk_length', [1])])",COMPLETE
223,223,0.03938940539956093,2022-08-12 16:25:21.456746,2022-08-12 16:31:36.574644,0 days 00:06:15.117898,256,0.05,GatedResidualNetwork,16,30,1e-05,2,1000,5,adam,1,197,"OrderedDict([('batch_size', [256]), ('dropout', [0.0, 0.05, 0.1]), ('feed_forward', ['GatedResidualNetwork']), ('hidden_size', [16, 32, 64, 128]), ('input_chunk_length', [30]), ('lr', [1e-05, 0.0001, 0.001]), ('lstm_layers', [1, 2, 3, 4]), ('n_epochs', [1000]), ('num_attention_heads', [4, 5, 6, 7]), ('optimizer', ['adam']), ('output_chunk_length', [1])])",COMPLETE
224,224,0.17212872207164764,2022-08-12 16:31:36.575524,2022-08-12 16:38:44.204953,0 days 00:07:07.629429,256,0.0,GatedResidualNetwork,16,30,0.0001,4,1000,7,adam,1,31,"OrderedDict([('batch_size', [256]), ('dropout', [0.0, 0.05, 0.1]), ('feed_forward', ['GatedResidualNetwork']), ('hidden_size', [16, 32, 64, 128]), ('input_chunk_length', [30]), ('lr', [1e-05, 0.0001, 0.001]), ('lstm_layers', [1, 2, 3, 4]), ('n_epochs', [1000]), ('num_attention_heads', [4, 5, 6, 7]), ('optimizer', ['adam']), ('output_chunk_length', [1])])",COMPLETE
225,225,0.04702230542898178,2022-08-12 16:38:44.205842,2022-08-12 16:47:25.807062,0 days 00:08:41.601220,256,0.05,GatedResidualNetwork,128,30,0.0001,1,1000,5,adam,1,353,"OrderedDict([('batch_size', [256]), ('dropout', [0.0, 0.05, 0.1]), ('feed_forward', ['GatedResidualNetwork']), ('hidden_size', [16, 32, 64, 128]), ('input_chunk_length', [30]), ('lr', [1e-05, 0.0001, 0.001]), ('lstm_layers', [1, 2, 3, 4]), ('n_epochs', [1000]), ('num_attention_heads', [4, 5, 6, 7]), ('optimizer', ['adam']), ('output_chunk_length', [1])])",COMPLETE
226,226,0.23181766271591187,2022-08-12 16:47:25.807947,2022-08-12 16:55:19.017661,0 days 00:07:53.209714,256,0.1,GatedResidualNetwork,64,30,0.001,4,1000,6,adam,1,526,"OrderedDict([('batch_size', [256]), ('dropout', [0.0, 0.05, 0.1]), ('feed_forward', ['GatedResidualNetwork']), ('hidden_size', [16, 32, 64, 128]), ('input_chunk_length', [30]), ('lr', [1e-05, 0.0001, 0.001]), ('lstm_layers', [1, 2, 3, 4]), ('n_epochs', [1000]), ('num_attention_heads', [4, 5, 6, 7]), ('optimizer', ['adam']), ('output_chunk_length', [1])])",COMPLETE
227,227,0.048671655356884,2022-08-12 16:55:19.018551,2022-08-12 16:59:31.880588,0 days 00:04:12.862037,256,0.1,GatedResidualNetwork,32,30,0.001,3,1000,7,adam,1,475,"OrderedDict([('batch_size', [256]), ('dropout', [0.0, 0.05, 0.1]), ('feed_forward', ['GatedResidualNetwork']), ('hidden_size', [16, 32, 64, 128]), ('input_chunk_length', [30]), ('lr', [1e-05, 0.0001, 0.001]), ('lstm_layers', [1, 2, 3, 4]), ('n_epochs', [1000]), ('num_attention_heads', [4, 5, 6, 7]), ('optimizer', ['adam']), ('output_chunk_length', [1])])",COMPLETE
228,228,0.035896528512239456,2022-08-12 16:59:31.881468,2022-08-12 17:04:35.817400,0 days 00:05:03.935932,256,0.0,GatedResidualNetwork,128,30,0.001,4,1000,4,adam,1,188,"OrderedDict([('batch_size', [256]), ('dropout', [0.0, 0.05, 0.1]), ('feed_forward', ['GatedResidualNetwork']), ('hidden_size', [16, 32, 64, 128]), ('input_chunk_length', [30]), ('lr', [1e-05, 0.0001, 0.001]), ('lstm_layers', [1, 2, 3, 4]), ('n_epochs', [1000]), ('num_attention_heads', [4, 5, 6, 7]), ('optimizer', ['adam']), ('output_chunk_length', [1])])",COMPLETE
229,229,0.030468720942735672,2022-08-12 17:04:35.818292,2022-08-12 17:08:21.093260,0 days 00:03:45.274968,256,0.1,GatedResidualNetwork,64,30,0.0001,3,1000,7,adam,1,507,"OrderedDict([('batch_size', [256]), ('dropout', [0.0, 0.05, 0.1]), ('feed_forward', ['GatedResidualNetwork']), ('hidden_size', [16, 32, 64, 128]), ('input_chunk_length', [30]), ('lr', [1e-05, 0.0001, 0.001]), ('lstm_layers', [1, 2, 3, 4]), ('n_epochs', [1000]), ('num_attention_heads', [4, 5, 6, 7]), ('optimizer', ['adam']), ('output_chunk_length', [1])])",COMPLETE
230,230,0.05182863026857376,2022-08-12 17:08:21.094140,2022-08-12 17:16:45.875710,0 days 00:08:24.781570,256,0.05,GatedResidualNetwork,16,30,1e-05,3,1000,6,adam,1,202,"OrderedDict([('batch_size', [256]), ('dropout', [0.0, 0.05, 0.1]), ('feed_forward', ['GatedResidualNetwork']), ('hidden_size', [16, 32, 64, 128]), ('input_chunk_length', [30]), ('lr', [1e-05, 0.0001, 0.001]), ('lstm_layers', [1, 2, 3, 4]), ('n_epochs', [1000]), ('num_attention_heads', [4, 5, 6, 7]), ('optimizer', ['adam']), ('output_chunk_length', [1])])",COMPLETE
231,231,0.019859198480844498,2022-08-12 17:16:45.876617,2022-08-12 17:22:00.769364,0 days 00:05:14.892747,256,0.05,GatedResidualNetwork,64,30,0.001,3,1000,7,adam,1,331,"OrderedDict([('batch_size', [256]), ('dropout', [0.0, 0.05, 0.1]), ('feed_forward', ['GatedResidualNetwork']), ('hidden_size', [16, 32, 64, 128]), ('input_chunk_length', [30]), ('lr', [1e-05, 0.0001, 0.001]), ('lstm_layers', [1, 2, 3, 4]), ('n_epochs', [1000]), ('num_attention_heads', [4, 5, 6, 7]), ('optimizer', ['adam']), ('output_chunk_length', [1])])",COMPLETE
232,232,0.02589867264032364,2022-08-12 17:22:00.770248,2022-08-12 17:27:30.689537,0 days 00:05:29.919289,256,0.05,GatedResidualNetwork,64,30,0.0001,3,1000,7,adam,1,315,"OrderedDict([('batch_size', [256]), ('dropout', [0.0, 0.05, 0.1]), ('feed_forward', ['GatedResidualNetwork']), ('hidden_size', [16, 32, 64, 128]), ('input_chunk_length', [30]), ('lr', [1e-05, 0.0001, 0.001]), ('lstm_layers', [1, 2, 3, 4]), ('n_epochs', [1000]), ('num_attention_heads', [4, 5, 6, 7]), ('optimizer', ['adam']), ('output_chunk_length', [1])])",COMPLETE
233,233,0.2523815333843231,2022-08-12 17:27:30.690447,2022-08-12 17:31:33.564461,0 days 00:04:02.874014,256,0.0,GatedResidualNetwork,128,30,0.001,1,1000,7,adam,1,179,"OrderedDict([('batch_size', [256]), ('dropout', [0.0, 0.05, 0.1]), ('feed_forward', ['GatedResidualNetwork']), ('hidden_size', [16, 32, 64, 128]), ('input_chunk_length', [30]), ('lr', [1e-05, 0.0001, 0.001]), ('lstm_layers', [1, 2, 3, 4]), ('n_epochs', [1000]), ('num_attention_heads', [4, 5, 6, 7]), ('optimizer', ['adam']), ('output_chunk_length', [1])])",COMPLETE
234,234,0.04831095039844513,2022-08-12 17:31:33.565352,2022-08-12 17:35:01.969706,0 days 00:03:28.404354,256,0.05,GatedResidualNetwork,16,30,0.001,3,1000,4,adam,1,232,"OrderedDict([('batch_size', [256]), ('dropout', [0.0, 0.05, 0.1]), ('feed_forward', ['GatedResidualNetwork']), ('hidden_size', [16, 32, 64, 128]), ('input_chunk_length', [30]), ('lr', [1e-05, 0.0001, 0.001]), ('lstm_layers', [1, 2, 3, 4]), ('n_epochs', [1000]), ('num_attention_heads', [4, 5, 6, 7]), ('optimizer', ['adam']), ('output_chunk_length', [1])])",COMPLETE
235,235,0.04700933396816254,2022-08-12 17:35:01.970624,2022-08-12 17:43:29.301602,0 days 00:08:27.330978,256,0.05,GatedResidualNetwork,128,30,1e-05,1,1000,5,adam,1,337,"OrderedDict([('batch_size', [256]), ('dropout', [0.0, 0.05, 0.1]), ('feed_forward', ['GatedResidualNetwork']), ('hidden_size', [16, 32, 64, 128]), ('input_chunk_length', [30]), ('lr', [1e-05, 0.0001, 0.001]), ('lstm_layers', [1, 2, 3, 4]), ('n_epochs', [1000]), ('num_attention_heads', [4, 5, 6, 7]), ('optimizer', ['adam']), ('output_chunk_length', [1])])",COMPLETE
236,236,0.03300122916698456,2022-08-12 17:43:29.302493,2022-08-12 17:47:58.914752,0 days 00:04:29.612259,256,0.05,GatedResidualNetwork,32,30,0.001,1,1000,6,adam,1,274,"OrderedDict([('batch_size', [256]), ('dropout', [0.0, 0.05, 0.1]), ('feed_forward', ['GatedResidualNetwork']), ('hidden_size', [16, 32, 64, 128]), ('input_chunk_length', [30]), ('lr', [1e-05, 0.0001, 0.001]), ('lstm_layers', [1, 2, 3, 4]), ('n_epochs', [1000]), ('num_attention_heads', [4, 5, 6, 7]), ('optimizer', ['adam']), ('output_chunk_length', [1])])",COMPLETE
237,237,0.03806409239768982,2022-08-12 17:47:58.915657,2022-08-12 18:00:22.449766,0 days 00:12:23.534109,256,0.0,GatedResidualNetwork,32,30,0.0001,2,1000,7,adam,1,71,"OrderedDict([('batch_size', [256]), ('dropout', [0.0, 0.05, 0.1]), ('feed_forward', ['GatedResidualNetwork']), ('hidden_size', [16, 32, 64, 128]), ('input_chunk_length', [30]), ('lr', [1e-05, 0.0001, 0.001]), ('lstm_layers', [1, 2, 3, 4]), ('n_epochs', [1000]), ('num_attention_heads', [4, 5, 6, 7]), ('optimizer', ['adam']), ('output_chunk_length', [1])])",COMPLETE
238,238,0.057124458253383636,2022-08-12 18:00:22.450653,2022-08-12 18:07:04.048496,0 days 00:06:41.597843,256,0.1,GatedResidualNetwork,16,30,0.001,4,1000,5,adam,1,429,"OrderedDict([('batch_size', [256]), ('dropout', [0.0, 0.05, 0.1]), ('feed_forward', ['GatedResidualNetwork']), ('hidden_size', [16, 32, 64, 128]), ('input_chunk_length', [30]), ('lr', [1e-05, 0.0001, 0.001]), ('lstm_layers', [1, 2, 3, 4]), ('n_epochs', [1000]), ('num_attention_heads', [4, 5, 6, 7]), ('optimizer', ['adam']), ('output_chunk_length', [1])])",COMPLETE
239,239,0.17106281220912933,2022-08-12 18:07:04.049384,2022-08-12 18:13:11.352295,0 days 00:06:07.302911,256,0.0,GatedResidualNetwork,64,30,0.001,1,1000,5,adam,1,129,"OrderedDict([('batch_size', [256]), ('dropout', [0.0, 0.05, 0.1]), ('feed_forward', ['GatedResidualNetwork']), ('hidden_size', [16, 32, 64, 128]), ('input_chunk_length', [30]), ('lr', [1e-05, 0.0001, 0.001]), ('lstm_layers', [1, 2, 3, 4]), ('n_epochs', [1000]), ('num_attention_heads', [4, 5, 6, 7]), ('optimizer', ['adam']), ('output_chunk_length', [1])])",COMPLETE
